4A8DA     method=EM
4A8DB     method=EM
4A8DC     method=EM
4A8DD     method=EM
4A8DE     method=EM
4A8DF     method=EM
4A8DG     method=EM
4A8DH     method=EM
4A8DI     method=EM
4A8DJ     method=EM
4A8DK     method=EM
4A8DL     method=EM
4A8DM     method=EM
3B07A     Xray_gtmaxres=2.495
3B07C     Xray_gtmaxres=2.495
3B07E     Xray_gtmaxres=2.495
3B07G     Xray_gtmaxres=2.495
3B07B     Xray_gtmaxres=2.495
3B07D     Xray_gtmaxres=2.495
3B07F     Xray_gtmaxres=2.495
3B07H     Xray_gtmaxres=2.495
8B4IA     method=EM
8B4IB     method=EM
8B4IC     method=EM
8B4ID     method=EM
8B4IE     method=EM
8B4IF     method=EM
8B4IG     method=EM
8B4IH     method=EM
8B4II     method=EM
8B4IJ     method=EM
7CBLA     method=EM
7CBLB     method=EM
7CBLC     method=EM
7CBLD     method=EM
7CBLE     method=EM
7CBLF     method=EM
7CBLG     method=EM
7CBLH     method=EM
7CBLI     method=EM
7CBLJ     method=EM
7CBLK     method=EM
7CBLL     method=EM
7CBLM     method=EM
7CBLN     method=EM
7CBLO     method=EM
7CBLP     method=EM
7CBLQ     method=EM
7CBLR     method=EM
7CBLS     method=EM
7CBLT     method=EM
7CBLU     method=EM
7CBLV     method=EM
7CBLW     method=EM
7CBLX     method=EM
7CBLY     method=EM
7CBLZ     method=EM
7CBLa     method=EM
7CBLb     method=EM
7CBLc     method=EM
7CBLd     method=EM
7CBLe     method=EM
7CBLf     method=EM
7CBLg     method=EM
7CBLh     method=EM
7CBLi     method=EM
7CBLj     method=EM
7CBLk     method=EM
7CBLl     method=EM
7CBLm     method=EM
7CBLn     method=EM
7CBLo     method=EM
7CBLp     method=EM
7CBLq     method=EM
7CBLr     method=EM
7CBLs     method=EM
7CBLt     method=EM
7CBLu     method=EM
7CBLv     method=EM
7CBLw     method=EM
7CBLx     method=EM
7CBLy     method=EM
7CBLz     method=EM
6DV3A     method=EM
6DV3B     method=EM
6DV3C     method=EM
6DV3D     method=EM
6DV3E     method=EM
6DV3F     method=EM
6DV3G     method=EM
6DV3H     method=EM
6DV3I     method=EM
6DV3J     method=EM
6DV3K     method=EM
6DV3L     method=EM
6DV3M     method=EM
6DV3N     method=EM
6DV3O     method=EM
5GAQA     method=EM
5GAQB     method=EM
5GAQC     method=EM
5GAQD     method=EM
5GAQE     method=EM
5GAQF     method=EM
5GAQG     method=EM
5GAQH     method=EM
5GAQI     method=EM
4H56A     Xray_gtmaxres=3.9
4H56B     Xray_gtmaxres=3.9
4H56C     Xray_gtmaxres=3.9
4H56D     Xray_gtmaxres=3.9
4H56E     Xray_gtmaxres=3.9
4H56F     Xray_gtmaxres=3.9
4H56G     Xray_gtmaxres=3.9
4H56H     Xray_gtmaxres=3.9
4H56I     Xray_gtmaxres=3.9
4H56J     Xray_gtmaxres=3.9
4H56K     Xray_gtmaxres=3.9
4H56L     Xray_gtmaxres=3.9
4H56M     Xray_gtmaxres=3.9
4H56N     Xray_gtmaxres=3.9
3JQOA     Xray_gtmaxres=2.6
3JQOD     Xray_gtmaxres=2.6
3JQOG     Xray_gtmaxres=2.6
3JQOJ     Xray_gtmaxres=2.6
3JQOM     Xray_gtmaxres=2.6
3JQOP     Xray_gtmaxres=2.6
3JQOS     Xray_gtmaxres=2.6
3JQOV     Xray_gtmaxres=2.6
3JQOY     Xray_gtmaxres=2.6
3JQOb     Xray_gtmaxres=2.6
3JQOe     Xray_gtmaxres=2.6
3JQOh     Xray_gtmaxres=2.6
3JQOk     Xray_gtmaxres=2.6
3JQOn     Xray_gtmaxres=2.6
3JQOB     Xray_gtmaxres=2.6
3JQOE     Xray_gtmaxres=2.6
3JQOH     Xray_gtmaxres=2.6
3JQOK     Xray_gtmaxres=2.6
3JQON     Xray_gtmaxres=2.6
3JQOQ     Xray_gtmaxres=2.6
3JQOT     Xray_gtmaxres=2.6
3JQOW     Xray_gtmaxres=2.6
3JQOZ     Xray_gtmaxres=2.6
3JQOc     Xray_gtmaxres=2.6
3JQOf     Xray_gtmaxres=2.6
3JQOi     Xray_gtmaxres=2.6
3JQOl     Xray_gtmaxres=2.6
3JQOo     Xray_gtmaxres=2.6
3JQOC     length=34
3JQOF     length=34
3JQOI     length=34
3JQOL     length=34
3JQOO     length=34
3JQOR     length=34
3JQOU     length=34
3JQOX     length=34
3JQOa     length=34
3JQOd     length=34
3JQOg     length=34
3JQOj     length=34
3JQOm     length=34
3JQOp     length=34
7O1QA     method=EM
7O1QB     method=EM
7O1QC     method=EM
7O1QD     method=EM
7O1QE     method=EM
7O1QF     method=EM
7O1QG     method=EM
6O2NA     method=EM
6O2NB     method=EM
6O2NC     method=EM
6O2ND     method=EM
6O2NE     method=EM
6O2NF     method=EM
6O2NG     method=EM
6O2NH     method=EM
6O2NI     method=EM
6O2NJ     method=EM
6O2NK     method=EM
6O2NL     method=EM
6O2NM     method=EM
6O2NZ     method=EM
6O2OA     method=EM
6O2OB     method=EM
6O2OC     method=EM
6O2OD     method=EM
6O2OE     method=EM
6O2OF     method=EM
6O2OG     method=EM
6O2OH     method=EM
6O2OI     method=EM
6O2OJ     method=EM
6O2OK     method=EM
6O2OL     method=EM
6O2OM     method=EM
6O2OZ     method=EM
7O3JA     method=EM
7O3JD     method=EM
7O3JG     method=EM
7O3JJ     method=EM
7O3JM     method=EM
7O3JP     method=EM
7O3JS     method=EM
7O3JV     method=EM
7O3JY     method=EM
7O3Jb     method=EM
7O3Je     method=EM
7O3Jh     method=EM
7O3Jk     method=EM
7O3Jn     method=EM
7O3JB     method=EM
7O3JE     method=EM
7O3JH     method=EM
7O3JK     method=EM
7O3JN     method=EM
7O3JQ     method=EM
7O3JT     method=EM
7O3JW     method=EM
7O3JZ     method=EM
7O3Jc     method=EM
7O3Jf     method=EM
7O3Ji     method=EM
7O3Jl     method=EM
7O3Jo     method=EM
7O3JC     method=EM
7O3JF     method=EM
7O3JI     method=EM
7O3JL     method=EM
7O3JO     method=EM
7O3JR     method=EM
7O3JU     method=EM
7O3JX     method=EM
7O3Ja     method=EM
7O3Jd     method=EM
7O3Jg     method=EM
7O3Jj     method=EM
7O3Jm     method=EM
7O3Jp     method=EM
4P24A     Xray_gtmaxres=3.1
4P24B     Xray_gtmaxres=3.1
4P24C     Xray_gtmaxres=3.1
4P24D     Xray_gtmaxres=3.1
4P24E     Xray_gtmaxres=3.1
4P24F     Xray_gtmaxres=3.1
4P24G     Xray_gtmaxres=3.1
7Q9YA     method=EM
7Q9YB     method=EM
7Q9YC     method=EM
7Q9YD     method=EM
7Q9YE     method=EM
7Q9YF     method=EM
7Q9YG     method=EM
7Q9YH     method=EM
6RB9A     method=EM
6RB9B     method=EM
6RB9C     method=EM
6RB9D     method=EM
6RB9E     method=EM
6RB9F     method=EM
6RB9G     method=EM
6SMLA     method=EM
6SMLB     method=EM
6SMLC     method=EM
6SMLD     Chain_not_in_PDB
6SMLE     Chain_not_in_PDB
6SMLF     Chain_not_in_PDB
7T4DB     Xray_gtmaxres=3.0
7T4DA     Xray_gtmaxres=3.0
7T4DC     Chain_not_in_PDB
7T4DD     Chain_not_in_PDB
7T4DE     Chain_not_in_PDB
7T4DF     Chain_not_in_PDB
7T4DG     Chain_not_in_PDB
7T4DH     Chain_not_in_PDB
6U49A     Xray_gtmaxres=2.35
6U49B     Xray_gtmaxres=2.35
6U49C     Xray_gtmaxres=2.35
6U49D     Xray_gtmaxres=2.35
6U49E     Xray_gtmaxres=2.35
6U49F     Xray_gtmaxres=2.35
6U49G     Xray_gtmaxres=2.35
6U4PA     Xray_gtmaxres=2.49
6U4PB     Xray_gtmaxres=2.49
6U4PC     Xray_gtmaxres=2.49
6U4PD     Xray_gtmaxres=2.49
6U4PE     Xray_gtmaxres=2.49
6U4PF     Xray_gtmaxres=2.49
6U4PG     Xray_gtmaxres=2.49
6V81A     Xray_gtmaxres=2.957
6VFEA     method=EM
6VFEB     method=EM
6VFEC     method=EM
6VFED     method=EM
6VFEE     method=EM
6VFEF     method=EM
6VFEG     method=EM
6VFEH     method=EM
6VFEI     method=EM
6VFEJ     method=EM
6VFEK     method=EM
6VFEL     method=EM
6VFEM     method=EM
6VFEN     method=EM
6VFEO     method=EM
6VFEP     method=EM
6VFEQ     method=EM
6VFER     method=EM
6VFES     method=EM
6VFET     method=EM
6VFEU     method=EM
6VFEV     method=EM
6VFEW     method=EM
6VFEX     method=EM
6VFEY     method=EM
6VFEZ     method=EM
6VFEa     method=EM
6VFEb     method=EM
6VFEc     method=EM
6VFEd     method=EM
6VFEe     method=EM
6VFEf     method=EM
6VFEg     method=EM
6VE2A     method=EM
6VE2B     method=EM
6VE2C     method=EM
6VE2D     method=EM
6VE2E     method=EM
6VE2F     method=EM
6VE2G     method=EM
6VE2H     method=EM
6VE2I     method=EM
6VE2J     method=EM
6VE2K     method=EM
6VE2L     method=EM
6VE2M     method=EM
6VE2N     method=EM
6VE2O     method=EM
6VE2P     method=EM
6VE2Q     method=EM
6VE2R     method=EM
6VE2S     method=EM
6VE2T     method=EM
6VE2U     method=EM
6VE3A     method=EM
6VE3B     method=EM
6VE3C     method=EM
6VE3D     method=EM
6VE3E     method=EM
6VE3F     method=EM
6VE3G     method=EM
6VE3H     method=EM
6VE3I     method=EM
6VE3J     method=EM
6VE3K     method=EM
6VE3L     method=EM
6VE3M     method=EM
6VE3N     method=EM
6VE4A     method=EM
6VE4B     method=EM
6VE4C     method=EM
6VE4D     method=EM
6VE4E     method=EM
6VE4F     method=EM
6VE4G     method=EM
6VE4H     method=EM
6VE4I     method=EM
6VE4J     method=EM
6VE4K     method=EM
6VE4L     method=EM
6VE4M     method=EM
6VE4N     method=EM
6VE4O     method=EM
6W6MA     method=EM
6W6MB     method=EM
6W6MC     method=EM
6W6MD     method=EM
6W6ME     method=EM
6W6MF     method=EM
6W6MG     method=EM
6W6MH     method=EM
6W6MI     method=EM
6W6MJ     method=EM
6W6MK     method=EM
6W6ML     method=EM
6W6MM     method=EM
6W6MN     method=EM
6WILA     Xray_gtmaxres=2.4
6WIMA     Xray_gtmaxres=2.6
6WUHA     method=EM
6WUHB     method=EM
6WUHC     method=EM
7XZI3     method=EM
7XZI4     method=EM
7XZI5     method=EM
7XZI7     method=EM
7XZI9     method=EM
7XZIA     method=EM
7XZIB     method=EM
7XZIC     method=EM
7XZID     method=EM
7XZIE     method=EM
7XZIF     method=EM
7XZIG     method=EM
7XZIU     method=EM
7XZIX     method=EM
7XZJ3     method=EM
7XZJ4     method=EM
7XZJ7     method=EM
7XZJ9     method=EM
7XZJA     method=EM
7XZJE     method=EM
7XZJG     method=EM
7XZJX     method=EM
1A0SP     Xray_gtmaxres=2.4
1A0SQ     Xray_gtmaxres=2.4
1A0SR     Xray_gtmaxres=2.4
1A0TP     Xray_gtmaxres=2.4
1A0TQ     Xray_gtmaxres=2.4
1A0TR     Xray_gtmaxres=2.4
1AF6A     Xray_gtmaxres=2.4
1AF6B     Xray_gtmaxres=2.4
1AF6C     Xray_gtmaxres=2.4
1BH3A     Xray_gtmaxres=2.19
1BH3B     Chain_not_in_PDB
1BH3C     Chain_not_in_PDB
1BT9A     Xray_gtmaxres=3.0
1BT9B     Chain_not_in_PDB
1BT9C     Chain_not_in_PDB
1BXWA     Xray_gtmaxres=2.5
1BY3A     Xray_gtmaxres=2.74
1BY5A     Xray_gtmaxres=2.6
1BY5B     length=6
1E54A     Xray_gtmaxres=2.1
1E54B     length=8
1E54C     Chain_not_in_PDB
1E54D     Chain_not_in_PDB
1E54E     Chain_not_in_PDB
1E54F     Chain_not_in_PDB
1EK9A     Xray_gtmaxres=2.1
1EK9B     Xray_gtmaxres=2.1
1EK9C     Xray_gtmaxres=2.1
2J1NA     seqid=88.0_5FVNF
2J1NB     seqid=88.0_5FVNF
2J1NC     seqid=88.0_5FVNF
1FCPA     Xray_gtmaxres=2.7
1FEPA     Xray_gtmaxres=2.4
2J4UP     Xray_gtmaxres=2.99
2J4UQ     Xray_gtmaxres=2.99
2J4UR     Xray_gtmaxres=2.99
2J4UU     Xray_gtmaxres=2.99
2J4UV     Xray_gtmaxres=2.99
2J4UW     Xray_gtmaxres=2.99
2J4US     Xray_gtmaxres=2.99
2J4UX     Xray_gtmaxres=2.99
1FI1A     Xray_gtmaxres=2.9
1FW2A     Xray_gtmaxres=2.6
2JK4A     Xray_gtmaxres=4.1
1FW3A     Xray_gtmaxres=2.8
1FW3B     Xray_gtmaxres=2.8
2JMMA     method=NMR
2JQYA     method=NMR
1G90A     method=NMR
1GFMA     Xray_gtmaxres=3.5
1GFMB     Chain_not_in_PDB
1GFMC     Chain_not_in_PDB
2K0LA     method=NMR
2K4TA     method=NMR
2LHFA     method=NMR
1GFNA     Xray_gtmaxres=3.1
1GFNB     Chain_not_in_PDB
1GFNC     Chain_not_in_PDB
2LMEA     method=NMR
2LMEB     method=NMR
2LMEC     method=NMR
2M06A     method=NMR
2M07A     method=NMR
1GFOA     Xray_gtmaxres=3.3
1GFOB     Chain_not_in_PDB
1GFOC     Chain_not_in_PDB
2MAFA     method=NMR
2MHLA     method=NMR
2MLHA     method=NMR
1GFPA     Xray_gtmaxres=2.7
1GFPB     Chain_not_in_PDB
1GFPC     Chain_not_in_PDB
2MNHA     method=NMR
2MPRA     Xray_gtmaxres=2.4
2MPRB     Xray_gtmaxres=2.4
2MPRC     Xray_gtmaxres=2.4
1GFQA     Xray_gtmaxres=2.8
1GFQB     Chain_not_in_PDB
1GFQC     Chain_not_in_PDB
2N2LA     method=NMR
2N2MA     method=NMR
1H6S1     Xray_gtmaxres=3.0
2N6LA     method=NMR
1HXTA     Xray_gtmaxres=2.4
1HXTB     Chain_not_in_PDB
1HXTC     Chain_not_in_PDB
2N6PA     method=NMR
2O4VA     seqid=74.0_4RJWA
2O4VB     seqid=74.0_4RJWA
2O4VC     seqid=74.0_4RJWA
1HXUA     Xray_gtmaxres=3.0
1HXUB     Chain_not_in_PDB
1HXUC     Chain_not_in_PDB
2O5PA     Xray_gtmaxres=2.77
2O5PB     Xray_gtmaxres=2.77
2ODJA     Xray_gtmaxres=2.9
2ODJB     Xray_gtmaxres=2.9
1HXXA     Xray_gtmaxres=2.2
1HXXB     Chain_not_in_PDB
1HXXC     Chain_not_in_PDB
2OMFA     Xray_gtmaxres=2.4
2OMFB     Chain_not_in_PDB
2OMFC     Chain_not_in_PDB
1I78A     Xray_gtmaxres=2.6
1I78B     Xray_gtmaxres=2.6
1I78C     Chain_not_in_PDB
1ILDA     Xray_gtmaxres=2.8
2PORA     keep
2PORB     Chain_not_in_PDB
2PORC     Chain_not_in_PDB
1ILZA     Xray_gtmaxres=2.5
1IM0A     Xray_gtmaxres=2.98
1K24A     Xray_gtmaxres=2.03
1K24B     Chain_not_in_PDB
2PRNA     seqid=99.0_3PRNA
2PRNB     Chain_not_in_PDB
2PRNC     Chain_not_in_PDB
1KMOA     keep
3M4DA     seqid=100.0_7AHLG
3M4DB     seqid=100.0_7AHLG
3M4DC     seqid=100.0_7AHLG
3M4DD     seqid=100.0_7AHLG
3M4DE     seqid=100.0_7AHLG
3M4DF     seqid=100.0_7AHLG
3M4DG     seqid=100.0_7AHLG
1KMPA     Xray_gtmaxres=2.5
2QOMA     Xray_gtmaxres=2.66
2QOMB     Xray_gtmaxres=2.66
1MALA     Xray_gtmaxres=3.1
1MALB     Xray_gtmaxres=3.1
1MALC     Xray_gtmaxres=3.1
2QTKA     Xray_gtmaxres=2.8
2QTKB     Xray_gtmaxres=2.8
2R4LA     Xray_gtmaxres=3.3
2R4LB     Xray_gtmaxres=3.3
2R4LC     Xray_gtmaxres=3.3
3M8BA     Xray_gtmaxres=2.44
1MM4A     method=NMR
2R4NA     Xray_gtmaxres=3.2
2R4NB     Xray_gtmaxres=3.2
1MM5A     method=NMR
3M8DA     Xray_gtmaxres=2.44
1MPFA     Xray_gtmaxres=3.0
1MPFB     Chain_not_in_PDB
1MPFC     Chain_not_in_PDB
2R4OA     Xray_gtmaxres=3.6
2R4OB     Xray_gtmaxres=3.6
2R4PA     Xray_gtmaxres=2.9
2R4PB     Xray_gtmaxres=2.9
3NJTA     Xray_gtmaxres=3.5
1MPMA     Xray_gtmaxres=2.6
1MPMB     Xray_gtmaxres=2.6
1MPMC     Xray_gtmaxres=2.6
2R88A     Xray_gtmaxres=2.6
2R88B     Xray_gtmaxres=2.6
3NSGA     Xray_gtmaxres=2.79
3NSGB     Xray_gtmaxres=2.79
3NSGC     Xray_gtmaxres=2.79
2R89A     Xray_gtmaxres=3.4
2R89B     Xray_gtmaxres=3.4
1MPNA     Xray_gtmaxres=3.2
1MPNB     Xray_gtmaxres=3.2
1MPNC     Xray_gtmaxres=3.2
2R8AA     Xray_gtmaxres=3.0
2R8AB     Xray_gtmaxres=3.0
3O0EA     Xray_gtmaxres=3.01
3O0EB     Xray_gtmaxres=3.01
3O0EC     Xray_gtmaxres=3.01
3O0ED     Xray_gtmaxres=3.01
3O0EE     Xray_gtmaxres=3.01
3O0EF     Xray_gtmaxres=3.01
3O0EL     length=17
3O0EM     length=17
3O0EN     length=17
3O0EO     length=17
3O0EP     length=17
3O0EQ     length=17
2VDDA     Xray_gtmaxres=3.3
2VDDB     Xray_gtmaxres=3.3
2VDDC     Xray_gtmaxres=3.3
3O44A     Xray_gtmaxres=2.88
3O44B     Xray_gtmaxres=2.88
3O44C     Xray_gtmaxres=2.88
3O44D     Xray_gtmaxres=2.88
3O44E     Xray_gtmaxres=2.88
3O44F     Xray_gtmaxres=2.88
3O44G     Xray_gtmaxres=2.88
3O44H     Xray_gtmaxres=2.88
3O44I     Xray_gtmaxres=2.88
3O44J     Xray_gtmaxres=2.88
3O44K     Xray_gtmaxres=2.88
3O44L     Xray_gtmaxres=2.88
3O44M     Xray_gtmaxres=2.88
3O44N     Xray_gtmaxres=2.88
2VDEA     Xray_gtmaxres=3.2
2VDEB     Xray_gtmaxres=3.2
2VDEC     Xray_gtmaxres=3.2
1MPOA     Xray_gtmaxres=2.8
1MPOB     Xray_gtmaxres=2.8
1MPOC     Xray_gtmaxres=2.8
2VDFA     keep
3OHNA     Xray_gtmaxres=3.011
3OHNB     Xray_gtmaxres=3.011
3OHNC     Chain_not_in_PDB
3OHND     Chain_not_in_PDB
2VQIA     Xray_gtmaxres=3.2
2VQIB     Xray_gtmaxres=3.2
2VQIC     Chain_not_in_PDB
2VQID     Chain_not_in_PDB
1MPQA     Xray_gtmaxres=3.0
1MPQB     Xray_gtmaxres=3.0
1MPQC     Xray_gtmaxres=3.0
3PF1A     Xray_gtmaxres=2.7
3PF1B     Xray_gtmaxres=2.7
2W16A     Xray_gtmaxres=2.71
2W16B     Xray_gtmaxres=2.71
2W16C     length=8
3PGRA     Xray_gtmaxres=2.6
1MPRA     Xray_gtmaxres=2.8
1MPRB     Xray_gtmaxres=2.8
1MPRC     Xray_gtmaxres=2.8
3PGSA     seqid=100.0_3PGUA
3PGSB     seqid=100.0_3PGUA
2W6TA     Xray_gtmaxres=2.9
2W6TB     Xray_gtmaxres=2.9
2W6TC     length=10
3PGUA     keep
1NQEA     seqid=100.0_2GUFA
2W6UA     Xray_gtmaxres=3.0
2W6UB     Xray_gtmaxres=3.0
2W6UC     length=7
3PIKA     Xray_gtmaxres=2.3
3PIKB     Chain_not_in_PDB
3PIKC     Chain_not_in_PDB
1NQFA     Xray_gtmaxres=2.7
2W75A     Xray_gtmaxres=2.9
2W75B     Xray_gtmaxres=2.9
3POQA     seqid=65.0_5FVNF
3POQB     Chain_not_in_PDB
3POQC     Chain_not_in_PDB
2W76A     Xray_gtmaxres=2.8
2W76B     Xray_gtmaxres=2.8
2W76C     length=7
1NQGA     Xray_gtmaxres=3.31
3PORA     Xray_gtmaxres=2.5
3PORB     Chain_not_in_PDB
3PORC     Chain_not_in_PDB
2W77A     Xray_gtmaxres=2.9
2W77B     Xray_gtmaxres=2.9
2W77C     length=10
1NQHA     Xray_gtmaxres=3.1
2W78A     Xray_gtmaxres=3.0
2W78B     Xray_gtmaxres=3.0
2W78C     length=7
1OH2P     Xray_gtmaxres=2.4
1OH2R     Xray_gtmaxres=2.4
1OH2Q     Xray_gtmaxres=2.4
3POUA     Xray_gtmaxres=2.8
3POUB     Chain_not_in_PDB
3POUC     Chain_not_in_PDB
2WJQA     seqid=100.0_2WJRA
2WJRA     keep
2WMZA     Xray_gtmaxres=2.9
2WMZB     Xray_gtmaxres=2.9
2WMZC     Xray_gtmaxres=2.9
1OPFA     Xray_gtmaxres=3.2
1OPFB     Xray_gtmaxres=3.2
1OPFC     Xray_gtmaxres=3.2
1OPFD     Xray_gtmaxres=3.2
1OPFE     Xray_gtmaxres=3.2
1OPFF     Xray_gtmaxres=3.2
3POXA     seqid=65.0_5FVNF
3POXB     seqid=65.0_5FVNF
3POXC     seqid=65.0_5FVNF
3POXD     seqid=65.0_5FVNF
3POXE     seqid=65.0_5FVNF
3POXF     seqid=65.0_5FVNF
2WVPA     Xray_gtmaxres=2.4
2X27X     Xray_gtmaxres=2.4
1ORMA     method=NMR
3PRNA     keep
3PRNB     Chain_not_in_PDB
3PRNC     Chain_not_in_PDB
2X4MA     Xray_gtmaxres=2.55
2X4MB     Xray_gtmaxres=2.55
2X4MC     Xray_gtmaxres=2.55
2X4MD     Xray_gtmaxres=2.55
2X55A     keep
1OSMA     Xray_gtmaxres=3.2
1OSMB     Xray_gtmaxres=3.2
1OSMC     Xray_gtmaxres=3.2
2X56A     Xray_gtmaxres=2.3
2X9KA     Xray_gtmaxres=2.18
2XE1A     Xray_gtmaxres=2.5
2XE1B     Chain_not_in_PDB
2XE1C     Chain_not_in_PDB
1P4TA     Xray_gtmaxres=2.55
1P4TB     Chain_not_in_PDB
1P4TC     Chain_not_in_PDB
3QLBA     Xray_gtmaxres=3.26
3QLBB     Xray_gtmaxres=3.26
4LSIA     Xray_gtmaxres=2.089
4LSIB     Xray_gtmaxres=2.089
4LSIC     Xray_gtmaxres=2.089
1PHOA     Xray_gtmaxres=3.0
1PHOB     Chain_not_in_PDB
1PHOC     Chain_not_in_PDB
2XE2A     Xray_gtmaxres=2.5
2XE2B     Xray_gtmaxres=2.5
2XE2C     Xray_gtmaxres=2.5
3QQ2A     Xray_gtmaxres=3.0
3QQ2B     Xray_gtmaxres=3.0
3QQ2C     Xray_gtmaxres=3.0
3QQ2D     Chain_not_in_PDB
4MEEA     Xray_gtmaxres=3.0
2XE3A     Xray_gtmaxres=2.85
2XE3B     Xray_gtmaxres=2.85
2XE3C     Chain_not_in_PDB
2XE3D     Chain_not_in_PDB
3QRAA     keep
1PNZA     Xray_gtmaxres=2.5
4MT0A     Xray_gtmaxres=3.292
4MT0B     Chain_not_in_PDB
4MT0C     Chain_not_in_PDB
3QRCA     seqid=100.0_3QRCB
3QRCB     seqid=100.0_3QRCB
1PO0A     Xray_gtmaxres=2.15
3RBHA     Xray_gtmaxres=2.301
3RBHB     Xray_gtmaxres=2.301
3RBHC     Xray_gtmaxres=2.301
3RBHD     Xray_gtmaxres=2.301
4MT4A     Xray_gtmaxres=2.373
4MT4B     Xray_gtmaxres=2.373
4MT4C     Xray_gtmaxres=2.373
2XE5A     Xray_gtmaxres=2.28
2XE5B     Xray_gtmaxres=2.28
2XE5C     Xray_gtmaxres=2.28
2XE5D     Xray_gtmaxres=2.28
2XE5E     Xray_gtmaxres=2.28
2XE5F     Xray_gtmaxres=2.28
3RFZA     Xray_gtmaxres=2.8
3RFZD     Xray_gtmaxres=2.8
3RFZB     Xray_gtmaxres=2.8
3RFZE     Xray_gtmaxres=2.8
3RFZC     Xray_gtmaxres=2.8
3RFZF     Xray_gtmaxres=2.8
3RFZG     Chain_not_in_PDB
3RFZH     Chain_not_in_PDB
3RFZI     Chain_not_in_PDB
1PO3A     Xray_gtmaxres=3.4
1PO3B     Xray_gtmaxres=3.4
4N4RA     Xray_gtmaxres=2.8
4N4RC     Xray_gtmaxres=2.8
4N4RB     Xray_gtmaxres=2.8
4N4RD     Xray_gtmaxres=2.8
2XG6A     Xray_gtmaxres=3.47
2XG6B     Xray_gtmaxres=3.47
2XG6C     Xray_gtmaxres=3.47
2XG6D     Xray_gtmaxres=3.47
2XG6E     Xray_gtmaxres=3.47
2XG6F     Xray_gtmaxres=3.47
1PRNA     seqid=99.0_3PRNA
1PRNB     Chain_not_in_PDB
1PRNC     Chain_not_in_PDB
4N74A     Xray_gtmaxres=2.9
3RGMA     Xray_gtmaxres=2.6
2XMNA     Xray_gtmaxres=2.85
2XMNB     Xray_gtmaxres=2.85
2XMNC     Xray_gtmaxres=2.85
4N75A     Xray_gtmaxres=2.604
4N75B     Xray_gtmaxres=2.604
4PR7A     Xray_gtmaxres=2.1
2Y0HA     Xray_gtmaxres=2.2
1Q9FA     method=NMR
3RGNA     Xray_gtmaxres=2.3
1Q9GA     method=NMR
2Y0KA     Xray_gtmaxres=2.295
4Q35A     Xray_gtmaxres=2.393
4Q35B     Xray_gtmaxres=2.393
1QD5A     Xray_gtmaxres=2.17
2Y0LA     Xray_gtmaxres=2.59
3SLJA     Xray_gtmaxres=2.481
1QD6A     length=13
1QD6B     length=13
1QD6C     Xray_gtmaxres=2.1
1QD6D     Xray_gtmaxres=2.1
4Q79D     Xray_gtmaxres=3.1
4Q79A     Xray_gtmaxres=3.1
4Q79B     Xray_gtmaxres=3.1
4Q79C     Xray_gtmaxres=3.1
4Q79E     Xray_gtmaxres=3.1
4Q79F     Xray_gtmaxres=3.1
4Q79G     Xray_gtmaxres=3.1
4Q79H     Xray_gtmaxres=3.1
4Q79I     Xray_gtmaxres=3.1
3SLOA     Xray_gtmaxres=2.52
2Y2XA     keep
2Y2XB     seqid=100.0_2Y2XB
3SLTA     Xray_gtmaxres=2.46
1QFFA     Xray_gtmaxres=2.7
2YNKA     Xray_gtmaxres=2.64
3SY7A     Xray_gtmaxres=2.15
2YSUA     Xray_gtmaxres=3.5
2YSUB     Xray_gtmaxres=3.5
1QFGA     Xray_gtmaxres=2.5
4QKYA     Xray_gtmaxres=2.9
3SY9A     Xray_gtmaxres=2.8
3SY9B     Xray_gtmaxres=2.8
3SY9C     Xray_gtmaxres=2.8
3SY9D     Xray_gtmaxres=2.8
1QJ8A     keep
2ZFGA     seqid=65.0_5FVNF
2ZFGB     Chain_not_in_PDB
2ZFGC     Chain_not_in_PDB
4QL0A     Xray_gtmaxres=2.5
4QL0B     Chain_not_in_PDB
3SYBA     Xray_gtmaxres=2.7
3SYBB     Chain_not_in_PDB
1QJ9A     Xray_gtmaxres=2.1
1QJ9B     Chain_not_in_PDB
1QJ9C     Chain_not_in_PDB
1QJ9D     Chain_not_in_PDB
1QJ9E     Chain_not_in_PDB
1QJ9F     Chain_not_in_PDB
3SYSA     seqid=100.0_2Y2XB
3SYSB     seqid=100.0_2Y2XB
4RDRA     Xray_gtmaxres=2.472
1QJPA     keep
2ZLDA     Xray_gtmaxres=3.0
2ZLDB     Xray_gtmaxres=3.0
2ZLDC     Chain_not_in_PDB
2ZLDD     Chain_not_in_PDB
2ZLDE     Chain_not_in_PDB
2ZLDF     Chain_not_in_PDB
2ZLDG     Chain_not_in_PDB
2ZLDH     Chain_not_in_PDB
2ZLDI     Chain_not_in_PDB
2ZLDJ     Chain_not_in_PDB
2ZLDK     Chain_not_in_PDB
2ZLDL     Chain_not_in_PDB
3SZDB     Xray_gtmaxres=2.311
3SZDA     Xray_gtmaxres=2.311
4RDTA     Xray_gtmaxres=3.2
4RDTB     Xray_gtmaxres=3.2
1QJQA     Xray_gtmaxres=2.95
3SZVA     keep
1QKCA     Xray_gtmaxres=3.1
4RHBA     Xray_gtmaxres=3.355
4RHBC     Xray_gtmaxres=3.355
4RHBB     Xray_gtmaxres=3.355
4RHBD     Xray_gtmaxres=3.355
3T0SA     Xray_gtmaxres=2.2
2ZLEA     method=EM
2ZLEB     method=EM
2ZLEC     method=EM
2ZLEE     method=EM
2ZLEF     method=EM
2ZLEG     method=EM
2ZLEH     method=EM
2ZLEI     method=EM
2ZLEJ     method=EM
2ZLEK     method=EM
2ZLEL     method=EM
2ZLEM     method=EM
2ZLED     method=EM
2ZLEN     Chain_not_in_PDB
2ZLEP     Chain_not_in_PDB
3T20A     Xray_gtmaxres=2.6
3T20B     Chain_not_in_PDB
1T16A     Xray_gtmaxres=2.6
1T16B     Xray_gtmaxres=2.6
4RJWA     keep
4RJWB     Chain_not_in_PDB
4RJWC     Chain_not_in_PDB
1T1LA     Xray_gtmaxres=2.8
1T1LB     Xray_gtmaxres=2.8
3T24A     Xray_gtmaxres=2.4
3T24B     Xray_gtmaxres=2.4
3T24C     Xray_gtmaxres=2.4
3T24D     Chain_not_in_PDB
3A2SX     Xray_gtmaxres=2.2
3A2SB     Chain_not_in_PDB
3A2SC     Chain_not_in_PDB
1THQA     seqid=100.0_3GP6A
3UPGA     Xray_gtmaxres=3.2
3UPGB     Chain_not_in_PDB
3UPGC     Chain_not_in_PDB
4RJXA     seqid=100.0_4RJWA
4RJXB     Chain_not_in_PDB
4RJXC     Chain_not_in_PDB
1TLWA     Xray_gtmaxres=3.1
1TLWB     Xray_gtmaxres=3.1
3AEHA     keep
3AEHB     seqid=100.0_3AEHB
1TLYA     Xray_gtmaxres=3.01
1TLYB     Xray_gtmaxres=3.01
1TLZA     Xray_gtmaxres=3.1
1TLZB     Xray_gtmaxres=3.1
4RL8A     Xray_gtmaxres=2.3
4RL8B     Xray_gtmaxres=2.3
4RL8C     Xray_gtmaxres=2.3
4RL8D     Xray_gtmaxres=2.3
3UU2A     Xray_gtmaxres=3.59
3UU2B     Xray_gtmaxres=3.59
3UU2C     Xray_gtmaxres=3.59
3ANZA     Xray_gtmaxres=2.303
3ANZB     Xray_gtmaxres=2.303
3ANZC     Xray_gtmaxres=2.303
3ANZD     Xray_gtmaxres=2.303
3ANZE     Xray_gtmaxres=2.303
3ANZF     Xray_gtmaxres=2.303
3ANZG     Xray_gtmaxres=2.303
3ANZH     Xray_gtmaxres=2.303
3ANZI     Xray_gtmaxres=2.303
3ANZJ     Xray_gtmaxres=2.303
3ANZK     Xray_gtmaxres=2.303
3ANZL     Xray_gtmaxres=2.303
3ANZM     Xray_gtmaxres=2.303
3ANZN     Xray_gtmaxres=2.303
3ANZO     Xray_gtmaxres=2.303
3ANZP     Xray_gtmaxres=2.303
3ANZQ     Xray_gtmaxres=2.303
3ANZR     Xray_gtmaxres=2.303
3ANZS     Xray_gtmaxres=2.303
3ANZT     Xray_gtmaxres=2.303
3ANZU     Xray_gtmaxres=2.303
3ANZV     Xray_gtmaxres=2.303
3ANZW     Xray_gtmaxres=2.303
3ANZX     Xray_gtmaxres=2.303
3ANZY     Xray_gtmaxres=2.303
3ANZZ     Xray_gtmaxres=2.303
3ANZa     Xray_gtmaxres=2.303
3ANZb     Xray_gtmaxres=2.303
1TQQA     Xray_gtmaxres=2.75
1TQQB     Xray_gtmaxres=2.75
1TQQC     Xray_gtmaxres=2.75
4RL9A     Xray_gtmaxres=2.7
4RL9B     Xray_gtmaxres=2.7
4RLBA     Xray_gtmaxres=2.7
4RLBB     Xray_gtmaxres=2.7
3BRYA     Xray_gtmaxres=3.2
3BRYB     Xray_gtmaxres=3.2
1UJWA     Xray_gtmaxres=2.75
1UJWB     Xray_gtmaxres=2.75
4RLCA     keep
3BRZA     Xray_gtmaxres=3.2
3V89A     Xray_gtmaxres=3.1
3V89B     Xray_gtmaxres=3.1
1UUNA     Xray_gtmaxres=2.5
1UUNB     Xray_gtmaxres=2.5
1UUNC     Chain_not_in_PDB
1UUND     Chain_not_in_PDB
1UUNE     Chain_not_in_PDB
1UUNF     Chain_not_in_PDB
1UUNG     Chain_not_in_PDB
1UUNH     Chain_not_in_PDB
4RVWA     Xray_gtmaxres=4.477
3BS0A     Xray_gtmaxres=2.6
3BS0B     Xray_gtmaxres=2.6
5VJ8A     method=NMR
4UV3A     Xray_gtmaxres=3.59
4UV3B     Xray_gtmaxres=3.59
4UV3C     Xray_gtmaxres=3.59
4UV3D     Xray_gtmaxres=3.59
4UV3E     Xray_gtmaxres=3.59
4UV3F     Xray_gtmaxres=3.59
4UV3G     Xray_gtmaxres=3.59
4UV3H     Xray_gtmaxres=3.59
4UV3I     Xray_gtmaxres=3.59
4UV3J     Xray_gtmaxres=3.59
4UV3K     Xray_gtmaxres=3.59
4UV3L     Xray_gtmaxres=3.59
4UV3M     Xray_gtmaxres=3.59
4UV3N     Xray_gtmaxres=3.59
4UV3O     Xray_gtmaxres=3.59
4UV3P     Xray_gtmaxres=3.59
4UV3Q     Xray_gtmaxres=3.59
4UV3R     Xray_gtmaxres=3.59
3V8XA     Xray_gtmaxres=2.6
3V8XB     Xray_gtmaxres=2.6
3CSLA     Xray_gtmaxres=2.7
3CSLB     Xray_gtmaxres=2.7
3CSLC     Xray_gtmaxres=2.7
3CSLD     Xray_gtmaxres=2.7
5W68A     method=EM
5W68B     method=EM
5W68C     method=EM
5W68D     method=EM
5W68E     method=EM
5W68F     method=EM
5W68G     method=EM
5W68H     method=EM
5W68I     method=EM
5W68J     method=EM
5W68K     method=EM
5W68L     method=EM
5W68M     method=EM
5W68N     method=EM
5W68O     method=EM
1UYNX     Xray_gtmaxres=2.6
3VY8X     Xray_gtmaxres=2.12
3VY8A     Chain_not_in_PDB
3VY8B     Chain_not_in_PDB
1UYOX     Xray_gtmaxres=3.2
3CSNA     Xray_gtmaxres=3.0
3CSNB     Xray_gtmaxres=3.0
3CSNC     Xray_gtmaxres=3.0
3CSND     Xray_gtmaxres=3.0
1WP1A     Xray_gtmaxres=2.56
1WP1B     Xray_gtmaxres=2.56
1WP1C     Chain_not_in_PDB
1WP1D     Chain_not_in_PDB
1WP1E     Chain_not_in_PDB
1WP1F     Chain_not_in_PDB
4V3GA     Xray_gtmaxres=2.513
4V3GB     Xray_gtmaxres=2.513
3D5KA     Xray_gtmaxres=2.4
3D5KB     Xray_gtmaxres=2.4
3D5KC     Xray_gtmaxres=2.4
3VY9X     Xray_gtmaxres=2.63
3VY9A     Chain_not_in_PDB
3VY9B     Chain_not_in_PDB
4V3HA     seqid=100.0_4V3HB
4V3HB     seqid=100.0_4V3HB
1XKHA     Xray_gtmaxres=3.6
1XKHB     Xray_gtmaxres=3.6
1XKHC     Xray_gtmaxres=3.6
1XKHI     length=8
1XKHJ     length=8
1XKHK     length=8
4XNKA     Xray_gtmaxres=2.8
3DDRA     Xray_gtmaxres=2.8
3DDRB     Xray_gtmaxres=2.8
3DDRC     Xray_gtmaxres=2.8
3DDRD     Xray_gtmaxres=2.8
4XNLA     Xray_gtmaxres=2.9
1XKWA     keep
3VZTX     Xray_gtmaxres=2.3
3VZTA     Chain_not_in_PDB
3VZTB     Chain_not_in_PDB
3DWNA     Xray_gtmaxres=2.5
3DWNB     Xray_gtmaxres=2.5
5WLNG     method=EM
5WLNO     method=EM
5WLNA     method=EM
5WLNB     method=EM
5WLNC     method=EM
5WLND     method=EM
5WLNE     method=EM
5WLNF     method=EM
5WLNH     method=EM
5WLNI     method=EM
5WLNJ     method=EM
5WLNK     method=EM
5WLNL     method=EM
5WLNM     method=EM
5WLNN     method=EM
4Y1KA     Xray_gtmaxres=3.8
4Y1KB     Xray_gtmaxres=3.8
4Y1KC     Xray_gtmaxres=3.8
4Y1KD     Xray_gtmaxres=3.8
4Y1KE     Xray_gtmaxres=3.8
4Y1KF     Xray_gtmaxres=3.8
3DWOX     Xray_gtmaxres=2.2
1YC9A     keep
1YC9B     Chain_not_in_PDB
1YC9C     Chain_not_in_PDB
4Y25A     Xray_gtmaxres=2.821
3DZMA     Xray_gtmaxres=2.801
3DZMB     Xray_gtmaxres=2.801
3DZMC     Xray_gtmaxres=2.801
3VZUX     Xray_gtmaxres=2.9
3VZUA     Chain_not_in_PDB
3VZUB     Chain_not_in_PDB
4ZGVA     Xray_gtmaxres=3.2
4ZGVB     Xray_gtmaxres=3.2
2ERVA     keep
2ERVB     seqid=100.0_2ERVB
3EFMA     Xray_gtmaxres=2.33
5AYWA     Xray_gtmaxres=3.555
5AYWB     Xray_gtmaxres=3.555
5AYWC     Xray_gtmaxres=3.555
5AYWD     Xray_gtmaxres=3.555
5AYWE     Xray_gtmaxres=3.555
2F1CX     Xray_gtmaxres=2.3
2F1CA     Chain_not_in_PDB
3EMNX     Xray_gtmaxres=2.3
3EMNA     Chain_not_in_PDB
3VZWX     Xray_gtmaxres=3.2
3VZWA     Chain_not_in_PDB
3VZWB     Chain_not_in_PDB
2F1TA     Xray_gtmaxres=3.0
2F1TB     Xray_gtmaxres=3.0
2F1TC     Xray_gtmaxres=3.0
5AZOA     Xray_gtmaxres=2.7
5AZOB     Chain_not_in_PDB
5AZOC     Chain_not_in_PDB
3EMOC     Xray_gtmaxres=3.0
3EMOA     Xray_gtmaxres=3.0
3EMOB     Xray_gtmaxres=3.0
2F1VA     Xray_gtmaxres=2.7
2F1VB     Xray_gtmaxres=2.7
2F1VC     Xray_gtmaxres=2.7
2F1VD     Xray_gtmaxres=2.7
2F1VE     Xray_gtmaxres=2.7
2F1VF     Xray_gtmaxres=2.7
2F1VG     Chain_not_in_PDB
2F1VH     Chain_not_in_PDB
2F1VI     Chain_not_in_PDB
2F1VJ     Chain_not_in_PDB
2F1VK     Chain_not_in_PDB
5AZPA     keep
5AZPB     seqid=100.0_5AZPC
5AZPC     seqid=100.0_5AZPC
5WQ7A     method=EM
5WQ7B     method=EM
5WQ7C     method=EM
5WQ7D     method=EM
5WQ7E     method=EM
5WQ7F     method=EM
5WQ7G     method=EM
5WQ7H     method=EM
5WQ7I     method=EM
5WQ7J     method=EM
5WQ7K     method=EM
5WQ7L     method=EM
5WQ7M     method=EM
5WQ7N     method=EM
5WQ7O     method=EM
5AZSA     Xray_gtmaxres=3.1
5AZSB     Xray_gtmaxres=3.1
5AZSC     Xray_gtmaxres=3.1
3FHHA     Xray_gtmaxres=2.6
3W9TA     Xray_gtmaxres=2.9
3W9TC     Xray_gtmaxres=2.9
3W9TG     Xray_gtmaxres=2.9
3W9TB     Xray_gtmaxres=2.9
3W9TF     Xray_gtmaxres=2.9
3W9TE     Xray_gtmaxres=2.9
3W9TD     Xray_gtmaxres=2.9
2FCPA     Xray_gtmaxres=2.5
5BUNA     Xray_gtmaxres=2.98
5BUNB     Xray_gtmaxres=2.98
5BUNC     Xray_gtmaxres=2.98
3FIDA     keep
3FIDB     seqid=100.0_3FIDB
3WI4A     Xray_gtmaxres=3.32
3WI4B     Chain_not_in_PDB
3WI4C     Chain_not_in_PDB
3FIPA     Xray_gtmaxres=3.154
3FIPB     Xray_gtmaxres=3.154
2FGQX     keep
2FGQA     Chain_not_in_PDB
2FGQB     Chain_not_in_PDB
5C58A     Xray_gtmaxres=2.795
5C58B     Xray_gtmaxres=2.795
3WI5A     Xray_gtmaxres=2.4
3WI5B     Chain_not_in_PDB
3WI5C     Chain_not_in_PDB
5D0OA     Xray_gtmaxres=2.9
5D0OB     Xray_gtmaxres=2.9
5D0OC     Xray_gtmaxres=2.9
5D0OD     Xray_gtmaxres=2.9
5D0OE     Xray_gtmaxres=2.9
3FYXA     Xray_gtmaxres=3.4
3FYXB     Chain_not_in_PDB
3FYXC     Chain_not_in_PDB
2FGRA     seqid=100.0_2FGQX
2FGRB     length=8
2FGRC     Chain_not_in_PDB
2FGRD     Chain_not_in_PDB
2FGRE     Chain_not_in_PDB
2FGRF     Chain_not_in_PDB
5WQ8A     method=EM
5WQ8B     method=EM
5WQ8C     method=EM
5WQ8D     method=EM
5WQ8E     method=EM
5WQ8F     method=EM
5WQ8G     method=EM
5WQ8H     method=EM
5WQ8I     method=EM
5WQ8J     method=EM
5WQ8K     method=EM
5WQ8L     method=EM
5WQ8M     method=EM
5WQ8N     method=EM
5WQ8O     method=EM
5D0QA     Xray_gtmaxres=3.5
5D0QF     Xray_gtmaxres=3.5
5D0QC     Xray_gtmaxres=3.5
5D0QG     Xray_gtmaxres=3.5
5D0QD     Xray_gtmaxres=3.5
5D0QH     Xray_gtmaxres=3.5
5D0QE     Xray_gtmaxres=3.5
5D0QI     Xray_gtmaxres=3.5
3X2RD     Xray_gtmaxres=2.9
3X2RA     Xray_gtmaxres=2.9
3X2RB     Xray_gtmaxres=2.9
3X2RC     Xray_gtmaxres=2.9
3X2RE     Xray_gtmaxres=2.9
3X2RF     Xray_gtmaxres=2.9
3X2RG     Xray_gtmaxres=2.9
3X2RH     Xray_gtmaxres=2.9
3X2RI     Xray_gtmaxres=2.9
3GP6A     keep
5D5DA     Xray_gtmaxres=2.4
2GE4A     method=NMR
3HW9A     Xray_gtmaxres=2.61
3HW9B     Xray_gtmaxres=2.61
3HW9C     Chain_not_in_PDB
3HW9D     Chain_not_in_PDB
3HW9E     Chain_not_in_PDB
3HW9F     Chain_not_in_PDB
5DL5A     Xray_gtmaxres=2.05
2GR7A     Xray_gtmaxres=2.3
2GR7B     Xray_gtmaxres=2.3
2GR7C     Xray_gtmaxres=2.3
2GR7D     Xray_gtmaxres=2.3
2GR7E     Xray_gtmaxres=2.3
2GR7F     Xray_gtmaxres=2.3
4AFKA     seqid=100.0_8PZ4A
5DL6A     Xray_gtmaxres=2.9
3HWBA     Xray_gtmaxres=3.0
3HWBB     Xray_gtmaxres=3.0
3HWBC     Chain_not_in_PDB
3HWBD     Chain_not_in_PDB
5DL7A     keep
2GR8A     keep
2GR8B     seqid=100.0_2GR8F
2GR8C     seqid=100.0_2GR8F
2GR8D     seqid=100.0_2GR8F
2GR8E     seqid=100.0_2GR8F
2GR8F     seqid=100.0_2GR8F
4AIPA     Xray_gtmaxres=2.4
4AIPB     Xray_gtmaxres=2.4
4AIPC     Xray_gtmaxres=2.4
5WQ9A     method=EM
5WQ9B     method=EM
5WQ9C     method=EM
5WQ9D     method=EM
5WQ9E     method=EM
5WQ9F     method=EM
5WQ9G     method=EM
5WQ9H     method=EM
5WQ9I     method=EM
5WQ9J     method=EM
5WQ9K     method=EM
5WQ9L     method=EM
5WQ9M     method=EM
5WQ9N     method=EM
5WQ9O     method=EM
5DL8B     Xray_gtmaxres=2.2
5DL8A     Xray_gtmaxres=2.2
2GRXA     Xray_gtmaxres=3.3
2GRXB     Xray_gtmaxres=3.3
2GRXC     Xray_gtmaxres=3.3
2GRXD     Xray_gtmaxres=3.3
3JTYA     Xray_gtmaxres=2.58
3JTYB     Xray_gtmaxres=2.58
3JTYC     Xray_gtmaxres=2.58
3JTYD     Xray_gtmaxres=2.58
5EC5A     Xray_gtmaxres=3.1
5EC5B     Xray_gtmaxres=3.1
5EC5C     Xray_gtmaxres=3.1
5EC5D     Xray_gtmaxres=3.1
5EC5E     Xray_gtmaxres=3.1
5EC5F     Xray_gtmaxres=3.1
5EC5G     Xray_gtmaxres=3.1
5EC5H     Xray_gtmaxres=3.1
5EC5I     Xray_gtmaxres=3.1
5EC5J     Xray_gtmaxres=3.1
5EC5K     Xray_gtmaxres=3.1
5EC5L     Xray_gtmaxres=3.1
5EC5M     Xray_gtmaxres=3.1
5EC5N     Xray_gtmaxres=3.1
5EC5O     Xray_gtmaxres=3.1
5EC5P     Xray_gtmaxres=3.1
5EC5R     Xray_gtmaxres=3.1
5EC5S     Xray_gtmaxres=3.1
2GSKA     Xray_gtmaxres=2.1
2GSKB     Xray_gtmaxres=2.1
3K19A     Xray_gtmaxres=3.79
3K19B     Xray_gtmaxres=3.79
3K19C     Xray_gtmaxres=3.79
3K19D     Xray_gtmaxres=3.79
3K19E     Xray_gtmaxres=3.79
3K19F     Xray_gtmaxres=3.79
3K19G     Xray_gtmaxres=3.79
3K19H     Xray_gtmaxres=3.79
3K19I     Xray_gtmaxres=3.79
3K19J     Xray_gtmaxres=3.79
3K19K     Xray_gtmaxres=3.79
3K19L     Xray_gtmaxres=3.79
5EKQA     Xray_gtmaxres=3.392
5EKQD     Xray_gtmaxres=3.392
5EKQC     Xray_gtmaxres=3.392
5EKQE     Xray_gtmaxres=3.392
4AIQA     Xray_gtmaxres=2.6
2GUFA     keep
4AZLA     Xray_gtmaxres=2.8
4AZLB     Xray_gtmaxres=2.8
3K1BA     Xray_gtmaxres=4.39
3K1BB     Xray_gtmaxres=4.39
3K1BC     Xray_gtmaxres=4.39
3K1BD     Xray_gtmaxres=4.39
5FOKA     keep
5FOKB     seqid=100.0_5FOKB
2HDFA     Xray_gtmaxres=2.65
4B61A     Xray_gtmaxres=2.402
4B61B     Xray_gtmaxres=2.402
5XDNA     Xray_gtmaxres=3.15
5XDNB     Xray_gtmaxres=3.15
2HDIA     Xray_gtmaxres=2.5
2HDIB     Xray_gtmaxres=2.5
5FP1A     keep
3KVNX     Xray_gtmaxres=2.499
3KVNA     Xray_gtmaxres=2.499
4B7OA     Xray_gtmaxres=2.32
5XDOA     Xray_gtmaxres=3.1
5XDOB     Xray_gtmaxres=3.1
6WUME     method=EM
6WUMA     method=EM
6WUMb     method=EM
6WUMC     method=EM
6WUMa     method=EM
6WUMB     method=EM
5FP2A     Xray_gtmaxres=2.97
5FP2B     Xray_gtmaxres=2.97
5FP2X     Chain_not_in_PDB
5FP2Z     Chain_not_in_PDB
3M2LA     Xray_gtmaxres=2.1
3M2LB     Xray_gtmaxres=2.1
3M2LC     Xray_gtmaxres=2.1
3M2LD     Xray_gtmaxres=2.1
3M2LE     Xray_gtmaxres=2.1
3M2LF     Xray_gtmaxres=2.1
3M2LG     Xray_gtmaxres=2.1
2IAHA     Xray_gtmaxres=2.73
2IAHI     length=8
4BUMX     Xray_gtmaxres=2.801
4BUMA     Chain_not_in_PDB
6BPMC     Xray_gtmaxres=2.5
6BPMA     Xray_gtmaxres=2.5
6WUNA     method=EM
6WUNC     method=EM
6WUNB     method=EM
6WUND     method=EM
2IWVA     Xray_gtmaxres=2.3
2IWVB     Xray_gtmaxres=2.3
2IWVC     Xray_gtmaxres=2.3
2IWVD     Xray_gtmaxres=2.3
4C00A     Xray_gtmaxres=2.25
6WUTA     method=EM
6WUTB     method=EM
6WUTC     method=EM
2IWWA     Xray_gtmaxres=2.7
2IWWB     Xray_gtmaxres=2.7
5FQ6A     Xray_gtmaxres=2.8
5FQ6C     Xray_gtmaxres=2.8
5FQ6H     Xray_gtmaxres=2.8
5FQ6L     Xray_gtmaxres=2.8
5FQ6B     Xray_gtmaxres=2.8
5FQ6D     Xray_gtmaxres=2.8
5FQ6I     Xray_gtmaxres=2.8
5FQ6M     Xray_gtmaxres=2.8
5FQ6E     Xray_gtmaxres=2.8
5FQ6F     Xray_gtmaxres=2.8
5FQ6J     Xray_gtmaxres=2.8
5FQ6N     Xray_gtmaxres=2.8
5FQ6G     length=10
5FQ6K     length=10
5FQ6O     length=10
5FQ6P     length=10
6BPNA     Xray_gtmaxres=2.1
4C4VA     Xray_gtmaxres=3.0
4C4VB     Xray_gtmaxres=3.0
6WXHA     method=EM
6WXHB     method=EM
6WXHC     method=EM
6WXHD     method=EM
6BPOA     Xray_gtmaxres=2.9
6BPOB     Xray_gtmaxres=2.9
6BPOC     Xray_gtmaxres=2.9
6BPOD     Xray_gtmaxres=2.9
6WXIA     method=EM
6WXIB     method=EM
6WXIC     method=EM
4C69X     Xray_gtmaxres=2.277
5FQ7A     Xray_gtmaxres=3.4
5FQ7C     Xray_gtmaxres=3.4
5FQ7B     Xray_gtmaxres=3.4
5FQ7D     Xray_gtmaxres=3.4
5FQ7E     Xray_gtmaxres=3.4
5FQ7F     Xray_gtmaxres=3.4
5FQ7G     Xray_gtmaxres=3.4
5FQ7H     Xray_gtmaxres=3.4
5FQ7I     length=10
5FQ7P     length=10
6X1KA     method=NMR
6CB8A     method=EM
6CB8B     Chain_not_in_PDB
6CB8C     Chain_not_in_PDB
6CB8D     Chain_not_in_PDB
6CB8E     Chain_not_in_PDB
6CB8F     Chain_not_in_PDB
6CB8G     Chain_not_in_PDB
6CB8H     Chain_not_in_PDB
6CB8I     Chain_not_in_PDB
6CB8J     Chain_not_in_PDB
6CB8K     Chain_not_in_PDB
6CB8L     Chain_not_in_PDB
6CB8M     Chain_not_in_PDB
6CB8N     Chain_not_in_PDB
6CB8O     Chain_not_in_PDB
6CB8P     Chain_not_in_PDB
6CB8Q     Chain_not_in_PDB
6CB8R     Chain_not_in_PDB
6CB8S     Chain_not_in_PDB
6CB8T     Chain_not_in_PDB
6CB8U     Chain_not_in_PDB
6CB8V     Chain_not_in_PDB
6CB8W     Chain_not_in_PDB
6CB8X     Chain_not_in_PDB
6CB8Y     Chain_not_in_PDB
6CB8Z     Chain_not_in_PDB
6CB8a     Chain_not_in_PDB
4CTDA     Xray_gtmaxres=3.2
4CTDB     Xray_gtmaxres=3.2
6X9ZA     Xray_gtmaxres=2.05
6Y47A     Xray_gtmaxres=3.04
4CU4A     Xray_gtmaxres=2.3
4CU4B     length=21
5FQ8A     Xray_gtmaxres=2.75
5FQ8C     Xray_gtmaxres=2.75
5FQ8B     Xray_gtmaxres=2.75
5FQ8D     Xray_gtmaxres=2.75
5FQ8E     Xray_gtmaxres=2.75
5FQ8F     Xray_gtmaxres=2.75
5FQ8G     Xray_gtmaxres=2.75
5FQ8P     length=10
5FQ8Q     length=9
6Z34A     Xray_gtmaxres=2.27
4D51A     Xray_gtmaxres=2.3
6Z37A     Xray_gtmaxres=3.05
4D5BA     keep
4D5BB     seqid=100.0_4V3HB
6Z38A     Xray_gtmaxres=2.9
4D5DA     seqid=100.0_4V3HB
4D5DB     seqid=100.0_4V3HB
5FR8A     Xray_gtmaxres=2.83
5FR8B     Xray_gtmaxres=2.83
6Z8AA     Xray_gtmaxres=2.95
4D5UA     Xray_gtmaxres=3.5
4D5UB     Xray_gtmaxres=3.5
4D5UC     Xray_gtmaxres=3.5
4D5UD     Xray_gtmaxres=3.5
4D5UE     Xray_gtmaxres=3.5
4D5UF     Xray_gtmaxres=3.5
6Z8IA     Xray_gtmaxres=2.62
6Z8IB     Xray_gtmaxres=2.62
6Z8IC     Chain_not_in_PDB
6Z8ID     Chain_not_in_PDB
5FVNA     keep
5FVNB     seqid=100.0_5FVNF
5FVNC     seqid=100.0_5FVNF
5FVND     seqid=100.0_5FVNF
5FVNE     seqid=100.0_5FVNF
5FVNF     seqid=100.0_5FVNF
4D64A     Xray_gtmaxres=3.2
4D64B     Xray_gtmaxres=3.2
4D64C     Xray_gtmaxres=3.2
5G26A     Xray_gtmaxres=2.42
6Z8QA     Xray_gtmaxres=2.71
6Z8QB     Xray_gtmaxres=2.71
5IUYA     Xray_gtmaxres=2.29
5IUYB     Xray_gtmaxres=2.29
5IUYC     Xray_gtmaxres=2.29
4D65A     Xray_gtmaxres=2.2
4D65B     Xray_gtmaxres=2.2
4D65C     Xray_gtmaxres=2.2
4D65D     Xray_gtmaxres=2.2
4D65E     Xray_gtmaxres=2.2
4D65F     Xray_gtmaxres=2.2
6CD2A     Xray_gtmaxres=3.7
6CD2B     Xray_gtmaxres=3.7
6CD2C     Xray_gtmaxres=3.7
5IV8A     Xray_gtmaxres=2.938
5IV8C     Xray_gtmaxres=2.938
5IV8B     Xray_gtmaxres=2.938
5IV8D     Xray_gtmaxres=2.938
6Z8RA     Xray_gtmaxres=2.38
6Z8RB     Xray_gtmaxres=2.38
4DCBA     Xray_gtmaxres=2.033
4DCBF     length=11
5IV9A     Xray_gtmaxres=4.369
5IV9B     Xray_gtmaxres=4.369
6DLWA     method=EM
6DLWB     method=EM
6DLWC     method=EM
6DLWD     method=EM
6DLWE     method=EM
6DLWF     method=EM
6DLWG     method=EM
6DLWH     method=EM
6DLWI     method=EM
6DLWJ     method=EM
6DLWK     method=EM
6DLWL     method=EM
6DLWM     method=EM
6DLWN     method=EM
6DLWO     method=EM
6DLWP     method=EM
6DLWQ     method=EM
6DLWR     method=EM
6DLWS     method=EM
6DLWT     method=EM
6DLWU     method=EM
6DLWV     method=EM
4E1SA     keep
6Z8SA     Xray_gtmaxres=2.37
6Z8SB     Xray_gtmaxres=2.37
5IVAA     Xray_gtmaxres=2.988
5IVAB     Xray_gtmaxres=2.988
4E1TA     Xray_gtmaxres=2.263
4EPAA     Xray_gtmaxres=3.2
5IXMA     Xray_gtmaxres=2.746
5IXMC     Xray_gtmaxres=2.746
5IXME     Xray_gtmaxres=2.746
5IXMG     Xray_gtmaxres=2.746
5IXMB     Xray_gtmaxres=2.746
5IXMD     Xray_gtmaxres=2.746
5IXMF     Xray_gtmaxres=2.746
5IXMH     Xray_gtmaxres=2.746
6Z8TA     Xray_gtmaxres=2.86
6Z8TB     Xray_gtmaxres=2.86
4FMSB     Xray_gtmaxres=2.45
4FMSA     Xray_gtmaxres=2.45
5IYUA     Xray_gtmaxres=2.7
6Z8UA     Xray_gtmaxres=2.61
6Z8UB     Xray_gtmaxres=2.61
4FOZA     Xray_gtmaxres=2.4
5JDPA     method=NMR
6E14H     method=EM
6E14D     method=EM
6E14F     method=EM
6E14G     method=EM
6E14C     method=EM
4FQEA     keep
6Z8YA     Xray_gtmaxres=2.78
6Z8YB     Xray_gtmaxres=2.78
5LDTA     Xray_gtmaxres=2.88
5LDTB     Xray_gtmaxres=2.88
5LDTC     Xray_gtmaxres=2.88
4FRTA     Xray_gtmaxres=3.166
4FRTB     Xray_gtmaxres=3.166
6E15C     method=EM
6E15D     method=EM
6E15F     method=EM
6E15G     method=EM
6E15H     method=EM
4FRXA     keep
4FRXB     seqid=100.0_4FRXB
6Z8ZA     Xray_gtmaxres=2.56
6Z8ZB     Xray_gtmaxres=2.56
5LDVA     Xray_gtmaxres=2.1
5LDVB     Chain_not_in_PDB
5LDVC     Chain_not_in_PDB
4FSOA     Xray_gtmaxres=2.75
4FSOB     Xray_gtmaxres=2.75
6E4VA     keep
4FSPA     Xray_gtmaxres=2.323
6Z91A     Xray_gtmaxres=2.6
6Z91B     Xray_gtmaxres=2.6
6EHBA     keep
6EHBB     seqid=100.0_6EHBC
6EHBC     seqid=100.0_6EHBC
4FT6A     Xray_gtmaxres=2.603
5LJOB     method=EM
5LJOC     method=EM
5LJOD     method=EM
5LJOE     method=EM
5LJOA     method=EM
4FUVA     Xray_gtmaxres=2.151
4FUVB     Chain_not_in_PDB
6Z99A     Xray_gtmaxres=2.68
6Z99B     Xray_gtmaxres=2.68
6EHCA     Xray_gtmaxres=2.02
6EHCB     Xray_gtmaxres=2.02
6EHCC     Chain_not_in_PDB
6EHCD     Chain_not_in_PDB
6EHCE     Chain_not_in_PDB
6EHCF     Chain_not_in_PDB
5M9BA     Xray_gtmaxres=2.12
4GCPA     seqid=65.0_5FVNF
4GCPB     seqid=65.0_5FVNF
4GCPC     Chain_not_in_PDB
4GCPD     Chain_not_in_PDB
4GCPE     Chain_not_in_PDB
4GCPF     Chain_not_in_PDB
6Z9AA     Xray_gtmaxres=3.1
6Z9AB     Xray_gtmaxres=3.1
6Z9AD     Chain_not_in_PDB
6Z9AE     Chain_not_in_PDB
6EHDA     keep
5MDOA     seqid=100.0_5MDRF
5MDOB     seqid=100.0_5MDRF
5MDOC     seqid=100.0_5MDRF
5MDOD     seqid=100.0_5MDRF
5MDOE     seqid=100.0_5MDRF
5MDOF     seqid=100.0_5MDRF
4GCQA     Xray_gtmaxres=2.2
4GCQB     Xray_gtmaxres=2.2
6EHEA     Xray_gtmaxres=2.312
6EHFA     Xray_gtmaxres=2.72
6EHFB     Chain_not_in_PDB
6EHFC     Chain_not_in_PDB
4GCSA     seqid=65.0_5FVNF
4GCSB     seqid=65.0_5FVNF
6Z9NA     Xray_gtmaxres=2.73
6Z9NB     Xray_gtmaxres=2.73
6Z9NC     Xray_gtmaxres=2.73
6Z9ND     Xray_gtmaxres=2.73
5MDPA     Xray_gtmaxres=3.08
5MDPB     Xray_gtmaxres=3.08
5MDPC     Xray_gtmaxres=3.08
4GEYA     Xray_gtmaxres=2.7
4GF4A     Xray_gtmaxres=3.1
6ENEA     Xray_gtmaxres=2.3
6ENEB     Xray_gtmaxres=2.3
6ENEC     Xray_gtmaxres=2.3
6Z9YA     Xray_gtmaxres=2.95
6Z9YB     Xray_gtmaxres=2.95
6Z9YC     Xray_gtmaxres=2.95
6Z9YD     Xray_gtmaxres=2.95
5MDQA     Xray_gtmaxres=2.5
5MDQB     Xray_gtmaxres=2.5
5MDQC     Xray_gtmaxres=2.5
4J3OG     Xray_gtmaxres=3.8
4J3OH     Xray_gtmaxres=3.8
4J3OC     Xray_gtmaxres=3.8
4J3OF     Xray_gtmaxres=3.8
4J3OD     Xray_gtmaxres=3.8
6EUSA     Xray_gtmaxres=2.2
6EUSB     Xray_gtmaxres=2.2
6EUSC     Xray_gtmaxres=2.2
6EUSD     Xray_gtmaxres=2.2
6EUSE     Xray_gtmaxres=2.2
6EUSF     Xray_gtmaxres=2.2
6ZAZA     Xray_gtmaxres=2.69
6ZAZB     Xray_gtmaxres=2.69
6ZAZE     Chain_not_in_PDB
6ZAZF     Chain_not_in_PDB
5MDRA     keep
5MDRB     seqid=100.0_5MDRF
5MDRC     seqid=100.0_5MDRF
5MDRD     seqid=100.0_5MDRF
5MDRE     seqid=100.0_5MDRF
5MDRF     seqid=100.0_5MDRF
4JFBA     Xray_gtmaxres=3.801
4JFBB     Xray_gtmaxres=3.801
4JFBC     Xray_gtmaxres=3.801
4JFBD     Xray_gtmaxres=3.801
4JFBE     Xray_gtmaxres=3.801
4JFBF     Xray_gtmaxres=3.801
6FOKA     keep
6FOKB     seqid=100.0_6FOKB
6ZHPB     Xray_gtmaxres=2.053
6ZHPA     Chain_not_in_PDB
6ZHPC     Chain_not_in_PDB
5MDSA     Xray_gtmaxres=2.6
5MDSB     Xray_gtmaxres=2.6
5MDSC     Xray_gtmaxres=2.6
4K3BA     Xray_gtmaxres=3.2
4K3CA     Xray_gtmaxres=2.913
6FOMA     Xray_gtmaxres=2.9
6FOMB     Xray_gtmaxres=2.9
5MWVA     method=NMR
6ZHVB     seqid=65.0_5FVNF
6ZHVA     seqid=65.0_5FVNF
6ZHVC     seqid=65.0_5FVNF
4K7RA     Xray_gtmaxres=2.094
4K7RB     Chain_not_in_PDB
4K7RC     Chain_not_in_PDB
6FSUA     Xray_gtmaxres=2.6
6FSUB     Xray_gtmaxres=2.6
5MZSA     Xray_gtmaxres=2.67
6ZLTA     method=EM
6ZLTB     method=EM
6ZLTC     Chain_not_in_PDB
6ZLTD     Chain_not_in_PDB
4KR4A     Xray_gtmaxres=3.8
4KR4B     Xray_gtmaxres=3.8
4KR4C     Xray_gtmaxres=3.8
6G6UA     Xray_gtmaxres=2.74
6G6UB     Xray_gtmaxres=2.74
5NC3A     Xray_gtmaxres=2.57
6G73A     Xray_gtmaxres=3.27
6G73B     Xray_gtmaxres=3.27
6G73C     Xray_gtmaxres=3.27
6G73D     Xray_gtmaxres=3.27
5NC4A     Xray_gtmaxres=2.8
6ZLUA     method=EM
6ZLUB     method=EM
6ZLUC     Chain_not_in_PDB
6ZLUD     Chain_not_in_PDB
6GIEA     Xray_gtmaxres=2.1
4KR8A     Xray_gtmaxres=3.1
4KR8B     Xray_gtmaxres=3.1
4KR8C     Xray_gtmaxres=3.1
5NECA     Xray_gtmaxres=2.3
5NECB     Xray_gtmaxres=2.3
6ZM1A     method=EM
6ZM1C     method=EM
6ZM1B     method=EM
6ZM1D     method=EM
4KRAA     Xray_gtmaxres=3.32
4KRAB     Xray_gtmaxres=3.32
4KRAC     Xray_gtmaxres=3.32
5NR2A     Xray_gtmaxres=2.78
6ZREA     Xray_gtmaxres=2.8
6ZREB     Xray_gtmaxres=2.8
6ZREC     Chain_not_in_PDB
6ZRED     Chain_not_in_PDB
6ZREE     Chain_not_in_PDB
6ZREF     Chain_not_in_PDB
6H04L     method=EM
6H04M     method=EM
6H04N     method=EM
6H04O     method=EM
6H04Q     method=EM
6H04R     method=EM
6H04S     method=EM
6H04T     method=EM
6H04U     method=EM
6H04V     method=EM
6H04W     method=EM
6H04X     method=EM
6H04P     method=EM
6H04H     method=EM
6H04I     method=EM
6H04J     method=EM
6H04K     method=EM
6H04G     method=EM
6H04A     method=EM
6H04C     method=EM
6H04D     method=EM
6H04E     method=EM
6H04F     method=EM
6H04B     method=EM
4LSEA     Xray_gtmaxres=2.1
4LSEB     Xray_gtmaxres=2.1
4LSEC     Xray_gtmaxres=2.1
5NSWA     Xray_gtmaxres=2.5
5NSWB     Xray_gtmaxres=2.5
5NSWC     Xray_gtmaxres=2.5
7ACGA     seqid=100.0_8PZ4A
5NUOC     Xray_gtmaxres=3.2
5NUOA     Xray_gtmaxres=3.2
5NUOE     Xray_gtmaxres=3.2
5NUOD     Xray_gtmaxres=3.2
5NUOB     Xray_gtmaxres=3.2
5NUOF     Xray_gtmaxres=3.2
7AHLA     keep
7AHLB     seqid=100.0_7AHLG
7AHLC     seqid=100.0_7AHLG
7AHLD     seqid=100.0_7AHLG
7AHLE     seqid=100.0_7AHLG
7AHLF     seqid=100.0_7AHLG
7AHLG     seqid=100.0_7AHLG
4LSFA     Xray_gtRfactor=0.269
4LSFB     Xray_gtRfactor=0.269
4LSFC     Chain_not_in_PDB
4LSFD     Chain_not_in_PDB
7AKZA     Xray_gtmaxres=3.2
7AKZB     Xray_gtmaxres=3.2
7AKZC     Chain_not_in_PDB
7AKZD     Chain_not_in_PDB
5NUPA     Xray_gtmaxres=2.9
5NUPB     Xray_gtmaxres=2.9
5NUPC     Xray_gtmaxres=2.9
5NUPD     Xray_gtmaxres=2.9
5NUPE     Xray_gtmaxres=2.9
5NUPF     Xray_gtmaxres=2.9
7BGHA     method=NMR
4LSHA     Xray_gtmaxres=2.2
4LSHB     Xray_gtmaxres=2.2
4LSHC     Chain_not_in_PDB
4LSHD     Chain_not_in_PDB
7BNQA     method=EM
7BNQB     method=EM
7BNQC     method=EM
7BNQD     method=EM
7BNQE     method=EM
6H3IA     method=EM
6H3IB     method=EM
6H3IF     method=EM
5NUQA     Xray_gtmaxres=3.2
5NUQB     Xray_gtmaxres=3.2
5NUQC     Xray_gtmaxres=3.2
5NUQD     Xray_gtmaxres=3.2
5NUQE     Xray_gtmaxres=3.2
5NUQF     Xray_gtmaxres=3.2
5NUQG     Xray_gtmaxres=3.2
5NUQH     Xray_gtmaxres=3.2
7BRMA     method=EM
7BRMB     method=EM
7BRMC     method=EM
7BRMD     method=EM
7BRME     method=EM
7BRMF     method=EM
7BRMG     method=EM
7BRMH     method=EM
7BRMI     method=EM
7BRMa     method=EM
7BRMb     method=EM
7BRMc     method=EM
7BRMd     method=EM
7BRMe     method=EM
7BRMf     method=EM
7BRMg     method=EM
7BRMh     method=EM
7BRMi     method=EM
5NURC     Xray_gtmaxres=3.29
5NURA     Xray_gtmaxres=3.29
5NURE     Xray_gtmaxres=3.29
5NURD     Xray_gtmaxres=3.29
5NURB     Xray_gtmaxres=3.29
5NURF     Xray_gtmaxres=3.29
6H3JA     method=EM
6H3JB     method=EM
6H3JC     method=EM
7BTWA     method=EM
7BTWD     method=EM
7BTWB     method=EM
7BTWC     method=EM
5NXNA     Xray_gtmaxres=3.12
5NXNB     Xray_gtmaxres=3.12
5NXNC     Xray_gtmaxres=3.12
6H7FA     Xray_gtmaxres=2.26
6H7FB     Xray_gtmaxres=2.26
6H7FC     Xray_gtmaxres=2.26
7BTXA     method=EM
7BTXB     method=EM
7BTXC     method=EM
7BTXL     method=EM
5NXRA     Xray_gtmaxres=2.7
5NXRC     Xray_gtmaxres=2.7
5NXRB     Xray_gtmaxres=2.7
7BTYA     method=EM
7BTYB     method=EM
7BTYC     method=EM
7BTYL     method=EM
5NXUA     Xray_gtmaxres=3.0
5NXUB     Xray_gtmaxres=3.0
5NXUC     Xray_gtmaxres=3.0
6H7VA     Xray_gtmaxres=2.54
6H7VB     Xray_gtmaxres=2.54
6H7VC     Xray_gtmaxres=2.54
7CK6A     method=EM
7CK6B     method=EM
7CK6C     method=EM
7CK6D     method=EM
7CK6E     method=EM
7CK6F     method=EM
7CK6G     method=EM
7CK6H     method=EM
7CK6I     method=EM
7CK6J     method=EM
5O65A     Xray_gtmaxres=2.5
5O65B     Xray_gtmaxres=2.5
5O65C     Xray_gtmaxres=2.5
6HCPA     keep
6HCPB     seqid=100.0_6HCPC
6HCPC     seqid=100.0_6HCPC
5O67A     Xray_gtmaxres=2.84
5O67B     Xray_gtmaxres=2.84
5O67C     Xray_gtmaxres=2.84
7CP9A     method=EM
7CP9B     method=EM
7CP9C     method=EM
7CP9D     method=EM
7CP9E     method=EM
7CP9F     method=EM
7CP9G     method=EM
7CP9H     method=EM
7CP9I     method=EM
7CP9J     method=EM
6I2JA     Xray_gtmaxres=2.96
5O68A     Xray_gtmaxres=3.08
5O68B     Xray_gtmaxres=3.08
5O68C     Xray_gtmaxres=3.08
5O68D     Xray_gtmaxres=3.08
5O68E     Xray_gtmaxres=3.08
5O68F     Xray_gtmaxres=3.08
5O68G     Xray_gtmaxres=3.08
5O68H     Xray_gtmaxres=3.08
5O68I     Xray_gtmaxres=3.08
5O68J     Xray_gtmaxres=3.08
5O68K     Xray_gtmaxres=3.08
5O68L     Xray_gtmaxres=3.08
6I96A     keep
7DE8X     Xray_gtmaxres=2.76
7DE8A     Chain_not_in_PDB
7DE8B     Chain_not_in_PDB
6I97A     Xray_gtmaxres=3.35
6I97B     Xray_gtmaxres=3.35
6I97D     Xray_gtmaxres=3.35
6I97E     Xray_gtmaxres=3.35
5O77A     seqid=57.0_5FVNF
5O77B     Chain_not_in_PDB
5O77C     Chain_not_in_PDB
6I98A     Xray_gtmaxres=2.8
7E4HA     method=EM
7E4HB     method=EM
7E4HC     method=EM
7E4HD     method=EM
5O78A     Xray_gtmaxres=2.85
5O78B     Xray_gtmaxres=2.85
5O78C     Xray_gtmaxres=2.85
6JNFA     method=EM
6JNFF     method=EM
6JNFB     method=EM
6JNFG     method=EM
6JNFC     method=EM
6JNFH     method=EM
6JNFD     method=EM
6JNFI     method=EM
6JNFE     method=EM
6JNFJ     method=EM
7E4IA     method=EM
7E4IB     method=EM
7E4IC     method=EM
7E4ID     method=EM
7E4IE     method=EM
7E4IF     method=EM
6L7AA     method=EM
6L7AB     method=EM
6L7AC     method=EM
6L7AD     method=EM
6L7AE     method=EM
6L7AF     method=EM
6L7AG     method=EM
6L7AH     method=EM
6L7AI     method=EM
6L7AJ     method=EM
6L7AK     method=EM
6L7AL     method=EM
6L7AM     method=EM
6L7AN     method=EM
6L7AO     method=EM
6L7AP     method=EM
6L7AQ     method=EM
6L7AR     method=EM
5O79A     seqid=82.0_5FVNF
5O79B     seqid=82.0_5FVNF
5O79C     seqid=82.0_5FVNF
7EQMA     Xray_gtmaxres=2.5
7EQMB     Xray_gtmaxres=2.5
7EQMC     Xray_gtmaxres=2.5
5O8OA     method=EM
5O9CC     Xray_gtmaxres=2.469
5O9CA     Xray_gtmaxres=2.469
5O9CD     Xray_gtmaxres=2.469
5O9CB     Xray_gtmaxres=2.469
5O9CE     Chain_not_in_PDB
5O9CF     Chain_not_in_PDB
6L7CA     method=EM
6L7CB     method=EM
6L7CC     method=EM
6L7CD     method=EM
6L7CE     method=EM
6L7CF     method=EM
6L7CG     method=EM
6L7CH     method=EM
6L7CI     method=EM
6L7CJ     method=EM
6L7CK     method=EM
6L7CL     method=EM
6L7CM     method=EM
6L7CN     method=EM
6L7CO     method=EM
6L7CP     method=EM
6L7CQ     method=EM
6L7CR     method=EM
6L7CS     method=EM
6L7CT     method=EM
6L7CU     method=EM
6L7CV     method=EM
6L7CW     method=EM
6L7CX     method=EM
6L7CY     method=EM
6L7CZ     method=EM
6L7Ca     method=EM
7EQRA     Xray_gtmaxres=2.75
7EQRB     Xray_gtmaxres=2.75
7EQRC     Xray_gtmaxres=2.75
7EQRD     Xray_gtmaxres=2.75
7EQRE     Xray_gtmaxres=2.75
7EQRF     Xray_gtmaxres=2.75
7EZZA     Xray_gtmaxres=2.76
7EZZB     Xray_gtmaxres=2.76
5ODWA     Xray_gtmaxres=2.8
5ODWB     Xray_gtmaxres=2.8
5ODWC     Xray_gtmaxres=2.8
5ODWD     Xray_gtmaxres=2.8
7FDYA     Xray_gtmaxres=3.1
7FDYB     Xray_gtmaxres=3.1
7FDYC     Xray_gtmaxres=3.1
6LQHA     method=EM
6LQHB     method=EM
6LQHC     method=EM
6LQHD     method=EM
6LQHE     method=EM
6LQHF     method=EM
6LQHG     method=EM
6LQHH     method=EM
6LQHI     method=EM
6LQHa     method=EM
6LQHb     method=EM
6LQHc     method=EM
6LQHd     method=EM
6LQHe     method=EM
6LQHf     method=EM
6LQHg     method=EM
6LQHh     method=EM
6LQHi     method=EM
5ONUA     Xray_gtmaxres=2.22
5ONUB     Xray_gtmaxres=2.22
5ONUC     Xray_gtmaxres=2.22
7JZ3B     method=EM
7JZ3C     method=EM
7JZ3A     method=EM
6LQJA     method=EM
6LQJB     method=EM
6LQJC     method=EM
6LQJD     method=EM
6LQJE     method=EM
6LQJF     method=EM
6LQJG     method=EM
6LQJH     method=EM
6LQJI     method=EM
6LQJa     method=EM
6LQJb     method=EM
6LQJc     method=EM
6LQJd     method=EM
6LQJe     method=EM
6LQJf     method=EM
6LQJg     method=EM
6LQJh     method=EM
6LQJi     method=EM
5OR1A     Xray_gtmaxres=2.92
7KUHX     method=ELEC
5OUTA     Xray_gtmaxres=2.9
7KXRL     method=EM
7KXRA     method=EM
7KXRB     method=EM
7KXRC     method=EM
7KXRD     method=EM
7KXRE     method=EM
7KXRF     method=EM
7KXRG     method=EM
5OYKA     Xray_gtmaxres=3.2
6LYQA     Xray_gtmaxres=3.19
6LYQB     Xray_gtmaxres=3.19
6LYQC     Xray_gtmaxres=3.19
6LYQD     Xray_gtmaxres=3.19
6LYQE     Xray_gtmaxres=3.19
6LYQO     length=16
5PRNA     seqid=99.0_3PRNA
5PRNB     Chain_not_in_PDB
5PRNC     Chain_not_in_PDB
7LHGC     method=EM
7LHGD     method=EM
7LHGK     method=EM
7LHGG     method=EM
6LYRA     Xray_gtmaxres=3.28
6LYRB     Xray_gtmaxres=3.28
6LYRC     Xray_gtmaxres=3.28
6LYRD     Xray_gtmaxres=3.28
6LYRE     Xray_gtmaxres=3.28
6LYRP     length=9
7LHHC     method=EM
7LHHD     method=EM
7LHHK     method=EM
7LHHG     method=EM
5T3RA     Xray_gtmaxres=3.1
5T3RD     Xray_gtmaxres=3.1
6LYSA     Xray_gtmaxres=3.05
6LYSB     Xray_gtmaxres=3.05
6LYSD     Xray_gtmaxres=3.05
6LYSE     Xray_gtmaxres=3.05
6LYSC     Xray_gtmaxres=3.05
7LHIC     method=EM
7LHIG     method=EM
7LHIF     method=EM
7LHID     method=EM
7LHIK     method=EM
5T4YA     Xray_gtmaxres=3.1
5T4YB     Xray_gtmaxres=3.1
5T4YD     Xray_gtmaxres=3.1
5T4YC     Xray_gtmaxres=3.1
6LYUA     method=EM
6LYUB     method=EM
6LYUC     method=EM
6LYUD     method=EM
6LYUE     method=EM
7NBXA     method=EM
7NBXB     method=EM
7NBXC     method=EM
7NBXD     method=EM
7NBXE     method=EM
6OFRA     Xray_gtmaxres=2.4
7NCSA     method=EM
7NCSB     method=EM
7NCSC     method=EM
7NCSD     method=EM
7NCSE     method=EM
7NCSH     method=EM
7NCSL     method=EM
6OQHA     method=NMR
6PRNA     Xray_gtmaxres=2.04
6PRNB     Chain_not_in_PDB
6PRNC     Chain_not_in_PDB
7ND0A     method=EM
7ND0B     method=EM
7ND0C     method=EM
7ND0D     method=EM
7ND0E     method=EM
7ND0H     method=EM
7ND0L     method=EM
7NG9A     method=EM
7NG9B     method=EM
7NG9C     method=EM
6Q5EA     Xray_gtmaxres=2.7
7NIEA     method=EM
7NIEB     method=EM
7NIEO     method=EM
7NIEP     method=EM
7NIEC     method=EM
7NIED     method=EM
7NIEE     method=EM
7NIEF     method=EM
7NIEG     method=EM
7NIEH     method=EM
7NIEI     method=EM
7NIEJ     method=EM
7NIEK     method=EM
7NIEL     method=EM
7NIEM     method=EM
7NIEN     method=EM
6QAMA     method=NMR
7NREA     Xray_gtmaxres=2.3
7NREC     length=7
6QGWA     keep
6QGWB     keep
7NRFA     Xray_gtmaxres=2.2
7NRFB     length=7
6QGXA     Xray_gtmaxres=2.2
6QGXB     Xray_gtmaxres=2.2
7NRIA     method=EM
7NRIB     method=EM
7NRIC     method=EM
7NRID     method=EM
7NRIE     method=EM
7NRIG     method=EM
6QGYA     Xray_gtmaxres=2.509
6QGYC     Xray_gtmaxres=2.509
6QGYB     Xray_gtmaxres=2.509
6QGYD     Xray_gtmaxres=2.509
7NSTA     method=EM
7NSTB     method=EM
7NSTC     method=EM
7NSTD     method=EM
7NSTE     method=EM
6QWRA     method=NMR
6R1FA     Xray_gtmaxres=3.11
7NSUA     method=EM
7NSUB     method=EM
7NSUC     method=EM
7NSUD     method=EM
7NSUE     method=EM
7NSUF     method=EM
6R2QA     Xray_gtmaxres=2.697
6R2QB     Xray_gtmaxres=2.697
6R2QC     Xray_gtmaxres=2.697
6RCKA     Xray_gtmaxres=2.029
6RCKB     Xray_gtmaxres=2.029
6RCKC     Xray_gtmaxres=2.029
7OMMA     method=EM
7OMMB     method=EM
7OMMC     method=EM
7OMMD     method=EM
6RCPA     Xray_gtmaxres=3.231
6RCPB     Xray_gtmaxres=3.231
6RCPE     Xray_gtmaxres=3.231
6RCPG     Xray_gtmaxres=3.231
6RCPH     Xray_gtmaxres=3.231
6RCPI     Xray_gtmaxres=3.231
6RCPK     Xray_gtmaxres=3.231
6RCPL     Xray_gtmaxres=3.231
6RCPN     Xray_gtmaxres=3.231
6RCPO     Xray_gtmaxres=3.231
6RCPP     Xray_gtmaxres=3.231
6RCPQ     Xray_gtmaxres=3.231
6RCPR     Xray_gtmaxres=3.231
6RCPF     Xray_gtmaxres=3.231
6RCPD     Xray_gtmaxres=3.231
6RCPJ     Xray_gtmaxres=3.231
6RCPM     Xray_gtmaxres=3.231
6RCPC     Xray_gtmaxres=3.231
7P1CA     Xray_gtmaxres=2.5
7P1CB     length=7
6RD3A     seqid=83.0_5FVNF
6RD3B     seqid=83.0_5FVNF
6RD3C     seqid=83.0_5FVNF
6RD3D     seqid=83.0_5FVNF
6RD3E     seqid=83.0_5FVNF
6RD3F     seqid=83.0_5FVNF
7PAGA     method=EM
7PGEB     keep
7PRNA     Xray_gtmaxres=2.25
7PRNB     Chain_not_in_PDB
7PRNC     Chain_not_in_PDB
6SB5A     method=EM
6SB5B     method=EM
6SB5C     method=EM
6SB5D     method=EM
6SB5E     method=EM
6SB5F     method=EM
6SB5G     method=EM
6SB5H     method=EM
6SB5I     method=EM
6SB5J     method=EM
6SB5K     method=EM
6SB5L     method=EM
6SB5M     method=EM
6SB5N     method=EM
6SB5O     method=EM
6SB5P     method=EM
7PZFA     seqid=82.0_5FVNF
7PZFB     seqid=82.0_5FVNF
7PZFC     seqid=82.0_5FVNF
7PZFD     seqid=82.0_5FVNF
7PZFE     seqid=82.0_5FVNF
7PZFF     seqid=82.0_5FVNF
7Q3TA     seqid=82.0_5FVNF
7Q3TB     seqid=82.0_5FVNF
7Q3TC     seqid=82.0_5FVNF
7Q3TD     seqid=82.0_5FVNF
7Q3TE     seqid=82.0_5FVNF
7Q3TF     seqid=82.0_5FVNF
6SI7A     method=EM
6SI7B     method=EM
6SI7C     method=EM
6SI7D     method=EM
6SI7E     method=EM
6SI7F     method=EM
6SI7G     method=EM
6SI7H     method=EM
6SI7I     method=EM
6SI7P     method=EM
6SI7J     method=EM
6SI7K     method=EM
6SI7L     method=EM
6SI7M     method=EM
6SI7N     method=EM
6SI7O     method=EM
6SI7Q     method=EM
6SI7R     method=EM
7QI2A     method=NMR
7R1VA     Xray_gtmaxres=2.5
7R1VB     length=10
6SLIA     Xray_gtmaxres=3.38
6SLIC     Xray_gtmaxres=3.38
6SLIF     Xray_gtmaxres=3.38
6SLII     Xray_gtmaxres=3.38
6SLIB     Xray_gtmaxres=3.38
6SLID     Xray_gtmaxres=3.38
6SLIG     Xray_gtmaxres=3.38
6SLIJ     Xray_gtmaxres=3.38
6SLIP     length=13
6SLIH     length=13
6SLIE     length=13
6SLIK     length=13
7R1WA     method=EM
7R1WB     method=EM
7R1WC     method=EM
7R1WD     method=EM
7R1WE     method=EM
7R1WG     method=EM
7RI4G     method=EM
7RI4A     method=EM
7RI4B     method=EM
7RI4C     method=EM
7RI4D     method=EM
7RI4E     method=EM
6SLJB     Xray_gtmaxres=3.04
6SLJA     Xray_gtmaxres=3.04
6SLJC     Xray_gtmaxres=3.04
6SLJD     Xray_gtmaxres=3.04
6SLJP     length=13
6SLJQ     length=10
7RI5A     method=EM
7RI5B     method=EM
7RI5C     method=EM
7RI5D     method=EM
7RI5E     method=EM
6SLNA     Xray_gtmaxres=2.61
6SLNB     Xray_gtmaxres=2.61
6SLNC     Xray_gtmaxres=2.61
6SLND     Xray_gtmaxres=2.61
6SLNP     length=13
6SLNQ     length=13
7RI6A     method=EM
7RI6B     method=EM
7RI6C     method=EM
7RI6D     method=EM
7RI6E     method=EM
7RI7A     method=EM
7RI7B     method=EM
7RI7C     method=EM
7RI7D     method=EM
7RI7E     method=EM
6SM3A     method=EM
6SM3B     method=EM
6SM3C     method=EM
6SM3D     Chain_not_in_PDB
6SM3E     Chain_not_in_PDB
6SM3F     Chain_not_in_PDB
7RI9A     method=EM
7RI9B     method=EM
7RI9C     method=EM
7RI9D     method=EM
7RI9E     method=EM
6SMQA     method=EM
6SMQD     method=EM
6SMQB     method=EM
6SMQC     method=EM
6SMQE     method=EM
7RJ5G     method=EM
7RJ5A     method=EM
7RJ5B     method=EM
7RJ5C     method=EM
7RJ5D     method=EM
7RJ5E     method=EM
7SZIA     method=EM
7SZIB     method=EM
7SZIC     method=EM
7SZID     method=EM
6SMXA     method=EM
6SMXB     method=EM
6SMXC     method=EM
6SMXD     method=EM
6SMXE     method=EM
6SN0A     method=EM
6SN0B     method=EM
6SN0C     method=EM
6SN0D     method=EM
6SN0E     method=EM
7T4EB     method=EM
7T4EA     method=EM
7T4EC     method=EM
7T4ED     method=EM
7T4EE     method=EM
7T4EF     method=EM
7T4EG     method=EM
7T4EH     method=EM
6SN2A     method=EM
6SN2B     method=EM
6SN2C     method=EM
6SN2D     method=EM
6SN2E     method=EM
6SN3A     method=EM
6SN3B     method=EM
6SN3C     method=EM
6SN3D     method=EM
6SN3E     method=EM
7TSZA     method=EM
7TSZB     method=EM
7TSZD     method=EM
7TSZC     method=EM
7TSZE     method=EM
7TSZP     method=EM
6SN4A     method=EM
6SN4B     method=EM
6SN4C     method=EM
6SN4D     method=EM
6SN4E     method=EM
7TT0A     method=EM
7TT0E     method=EM
7TT0D     method=EM
7TT0C     method=EM
7TT0P     method=EM
6SN5A     method=EM
6SN5B     method=EM
6SN5C     method=EM
6SN5D     method=EM
6SN5E     method=EM
6SN7A     method=EM
6SN7B     method=EM
6SN7C     method=EM
6SN7D     method=EM
6SN7E     method=EM
7TT1P     method=EM
7TT1A     method=EM
7TT1B     method=EM
7TT1E     method=EM
7TT1D     method=EM
7TT1C     method=EM
6SN8A     method=EM
6SN8B     method=EM
6SN8C     method=EM
6SN8D     method=EM
6SN8E     method=EM
7TT2D     method=EM
7TT2C     method=EM
7TT2E     method=EM
7TT2B     method=EM
7TT2A     method=EM
7TT2P     method=EM
6SN9A     method=EM
6SN9B     method=EM
6SN9C     method=EM
6SN9D     method=EM
6SN9E     method=EM
7TT3A     method=EM
7TT3D     method=EM
7TT3C     method=EM
7TT3E     method=EM
7TT3B     method=EM
7TT3P     method=EM
6SO8A     method=EM
6SO8B     method=EM
6SO8C     method=EM
6SO8D     method=EM
6SO8E     method=EM
6SOAA     method=EM
6SOAB     method=EM
6SOAC     method=EM
6SOAD     method=EM
6SOAE     method=EM
7TT4A     method=EM
7TT4P     method=EM
7TT4D     method=EM
7TT4C     method=EM
7TT4E     method=EM
7TT4B     method=EM
6SOBA     method=EM
6SOBB     method=EM
6SOBC     method=EM
6SOBD     method=EM
6SOBE     method=EM
7TT5P     method=EM
7TT5A     method=EM
7TT5E     method=EM
7TT5D     method=EM
7TT5C     method=EM
6SOCA     method=EM
6SOCB     method=EM
6SOCC     method=EM
6SOCD     method=EM
6SOCE     method=EM
6SOGA     method=EM
6SOGB     method=EM
6SOGC     method=EM
6SOGD     method=EM
6SOGE     method=EM
7TT6P     method=EM
7TT6A     method=EM
7TT6C     method=EM
7TT6D     method=EM
7TT6E     method=EM
6SOHA     method=EM
6SOHB     method=EM
6SOHC     method=EM
6SOHD     method=EM
6SOHE     method=EM
7TT7A     method=EM
7TT7C     method=EM
7TT7E     method=EM
7TT7D     method=EM
7TT7P     method=EM
6SOJA     method=EM
6SOJB     method=EM
6SOJC     method=EM
6SOJD     method=EM
6SOJE     method=EM
6T1WA     Xray_gtmaxres=3.79
6T1WB     Xray_gtmaxres=3.79
6T1WC     Xray_gtmaxres=3.79
6T1WD     Xray_gtmaxres=3.79
7TTCB     method=EM
7TTCA     method=EM
7TTCE     method=EM
7TTCD     method=EM
7TTCC     method=EM
7TTCP     method=EM
6TIQA     method=NMR
7VBYB     method=EM
7VBYI     method=EM
7VBYA     method=EM
7VBYF     method=EM
7VBYD     method=EM
7VBYE     method=EM
7VBYG     method=EM
7VBYJ     method=EM
7VBYH     method=EM
7VBYC     method=EM
6TIRA     method=NMR
6TZKA     keep
7VC4A     method=EM
7VC4F     method=EM
7VC4B     method=EM
7VC4I     method=EM
7VC4C     method=EM
7VC4H     method=EM
7VC4D     method=EM
7VC4E     method=EM
7VC4G     method=EM
7VC4J     method=EM
6UCUA     method=EM
6UCUI     method=EM
6UCUB     method=EM
6UCUJ     method=EM
6UCUC     method=EM
6UCUK     method=EM
6UCUD     method=EM
6UCUL     method=EM
6UCUE     method=EM
6UCUM     method=EM
7VD2A     method=EM
7VD2F     method=EM
7VD2D     method=EM
7VD2E     method=EM
7VD2G     method=EM
7VD2J     method=EM
7VD2H     method=EM
7VD2C     method=EM
7VD2B     method=EM
7VD2I     method=EM
6UCVA     method=EM
6UCVI     method=EM
6UCVa     method=EM
6UCVi     method=EM
6UCVB     method=EM
6UCVJ     method=EM
6UCVb     method=EM
6UCVj     method=EM
6UCVC     method=EM
6UCVK     method=EM
6UCVc     method=EM
6UCVk     method=EM
6UCVD     method=EM
6UCVL     method=EM
6UCVd     method=EM
6UCVl     method=EM
6UCVE     method=EM
6UCVM     method=EM
6UCVe     method=EM
6UCVm     method=EM
7VDDA     method=EM
7VDDF     method=EM
7VDDC     method=EM
7VDDH     method=EM
7VDDD     method=EM
7VDDE     method=EM
7VDDG     method=EM
7VDDJ     method=EM
7VDDB     method=EM
7VDDI     method=EM
6UZBA     method=EM
6UZBB     method=EM
6UZBC     method=EM
6UZBD     method=EM
6UZBE     method=EM
6UZBF     method=EM
6UZBG     method=EM
6UZBH     method=EM
6UZDA     method=EM
6UZDB     method=EM
6UZDC     method=EM
6UZDD     method=EM
6UZDE     method=EM
6UZDF     method=EM
6UZDG     method=EM
6UZDH     method=EM
6UZDI     method=EM
7VKUA     method=EM
7VKUB     method=EM
7VKUC     method=EM
7VKUX     method=EM
6UZEA     method=EM
6UZEB     method=EM
6UZEC     method=EM
6UZED     method=EM
6UZEE     method=EM
6UZEF     method=EM
6UZEG     method=EM
6UZEH     method=EM
6UZEI     method=EM
7VTZA     Xray_gtmaxres=2.1
6V05A     method=EM
6V05B     method=EM
6V05C     method=EM
6V05D     method=EM
6V05E     method=EM
6V05F     method=EM
6V78A     Xray_gtmaxres=2.6
6V78B     Xray_gtmaxres=2.6
6V78C     Xray_gtmaxres=2.6
6WTZA     method=EM
6WTZB     method=EM
6WTZC     method=EM
6WUJA     method=EM
6WUJB     method=EM
6WUJC     method=EM
6WULA     method=EM
6WULD     method=EM
6WULB     method=EM
6WULE     method=EM
6WULC     method=EM
6WULF     method=EM
7VU0A     seqid=75.0_7VU2A
7VU0B     seqid=75.0_7VU2A
7VU1A     seqid=75.0_7VU2A
7VU1B     seqid=75.0_7VU2A
7VU2A     keep
7VU3A     Xray_gtmaxres=2.7
7X5PA     Xray_gtmaxres=3.4
7X5PB     Xray_gtmaxres=3.4
7X5PC     Xray_gtmaxres=3.4
7X5PD     Xray_gtmaxres=3.4
7X5PE     Xray_gtmaxres=3.4
7X5PF     Xray_gtmaxres=3.4
7X5QA     Xray_gtmaxres=2.7
7X5QB     Xray_gtmaxres=2.7
7X5QC     Xray_gtmaxres=2.7
7X5QD     Xray_gtmaxres=2.7
7X5QE     Xray_gtmaxres=2.7
7X5QF     Xray_gtmaxres=2.7
7X5QH     length=6
7YE4A     method=EM
7YE4B     method=EM
7YE4C     method=EM
7YE4D     method=EM
7YE4E     method=EM
7YE4P     method=EM
7YE6A     method=EM
7YE6B     method=EM
7YE6C     method=EM
7YE6D     method=EM
7YE6E     method=EM
7YE6P     method=EM
7YL9H     method=EM
7YL9I     method=EM
7YL9J     method=EM
7YL9K     method=EM
7YL9L     method=EM
7YL9M     method=EM
7YL9N     method=EM
8A8CA     method=EM
8A8CB     method=EM
8A9YE     method=EM
8A9YM     method=EM
8A9YT     method=EM
8A9YG     method=EM
8A9YA     method=EM
8A9YI     method=EM
8AA0E     method=EM
8AA0M     method=EM
8AA0T     method=EM
8AA0G     method=EM
8AA0B     method=EM
8AA0J     method=EM
8AA0A     method=EM
8AA0I     method=EM
8AA1B     method=EM
8AA1J     method=EM
8AA1A     method=EM
8AA1I     method=EM
8AA2E     method=EM
8AA2M     method=EM
8AA2T     method=EM
8AA2G     method=EM
8AA2B     method=EM
8AA2J     method=EM
8AA2A     method=EM
8AA2I     method=EM
8AA3B     method=EM
8AA3J     method=EM
8AA3A     method=EM
8AA3I     method=EM
8AA4A     method=EM
8AA4B     method=EM
8ADGA     method=EM
8ADGB     method=EM
8ADGC     method=EM
8ADGD     method=EM
8ADGE     method=EM
8ADGF     method=EM
8ADIA     method=EM
8ADIB     method=EM
8ADIC     method=EM
8ADID     method=EM
8ADIE     method=EM
8ADIF     method=EM
8B14A     method=EM
8B14B     method=EM
8B43A     Xray_gtmaxres=2.49
8B7VA     method=EM
8B7VB     method=EM
8B7VC     method=EM
8BNZA     method=EM
8BNZB     method=EM
8BNZC     method=EM
8BNZD     method=EM
8BNZE     method=EM
8BNZP     method=EM
8BO2A     method=EM
8BO2B     method=EM
8BO2C     method=EM
8BO2D     method=EM
8BO2E     method=EM
8BO2P     method=EM
8BVQA     method=EM
8BVQB     method=EM
8BVQC     method=EM
8BVQD     method=EM
8BVQE     method=EM
8BVQG     method=EM
8BWCA     method=EM
8BWCB     method=EM
8BWCC     method=EM
8BWCD     method=EM
8BWCE     method=EM
8C7LA     Xray_gtmaxres=3.52
8C7LB     Xray_gtmaxres=3.52
8C7LC     Xray_gtmaxres=3.52
8C7LD     Xray_gtmaxres=3.52
8C7LE     Xray_gtmaxres=3.52
8C7LF     Xray_gtmaxres=3.52
8ET2A     method=EM
8ET2B     method=EM
8ET2C     method=EM
8ET2D     method=EM
8ET2E     method=EM
8ET2F     method=EM
8ET2G     method=EM
8ET2H     method=EM
8ET2I     method=EM
8ET2J     method=EM
8ET2K     method=EM
8ET2L     method=EM
8ET2M     method=EM
8ET2N     method=EM
8ET2O     method=EM
8ET2P     method=EM
8ET2Q     method=EM
8ET2R     method=EM
8ET2S     method=EM
8ET2T     method=EM
8ET2U     method=EM
8ET2V     method=EM
8ET2W     method=EM
8ET2X     method=EM
8PRNA     Xray_gtmaxres=2.3
8PRNB     Chain_not_in_PDB
8PRNC     Chain_not_in_PDB
6IOLI     method=EM
6IOLJ     method=EM
6IOLK     method=EM
6IOLL     method=EM
6IOLM     method=EM
6IOLN     method=EM
6IOLA     method=EM
6IOLB     method=EM
6IOLC     method=EM
6IOLF     method=EM
6IOLG     method=EM
6IOLE     method=EM
6SO7A     method=EM
6SO7B     method=EM
6SO7C     method=EM
6SO7D     method=EM
6SO7E     method=EM
4AUIA     Xray_gtmaxres=3.2
4AUIB     Xray_gtmaxres=3.2
4AUIC     Xray_gtmaxres=3.2
4AUID     length=8
4AUIE     length=8
4AUIF     length=8
5JZTA     method=EM
5JZTB     method=EM
5JZTC     method=EM
5JZTD     method=EM
5JZTE     method=EM
5JZTF     method=EM
5JZTG     method=EM
6HCGA     method=EM
6HCGB     method=EM
6HCGC     method=EM
6HCGD     method=EM
6HCGE     method=EM
6HCGF     method=EM
6HCGG     method=EM
6HCGH     method=EM
6HCGI     method=EM
6HCGJ     method=EM
6HCGK     method=EM
6HCGL     method=EM
6HCGM     method=EM
6HCGN     method=EM
6HCGO     method=EM
6HCGP     method=EM
6HCGQ     method=EM
6HCGR     method=EM
6HCGS     method=EM
6HCGT     method=EM
6HCGU     method=EM
6HCGV     method=EM
6HCGW     method=EM
6HCGX     method=EM
6HCGY     method=EM
6HCGZ     method=EM
6HCGa     method=EM
6HCGb     method=EM
6HCGc     method=EM
6HCGd     method=EM
6HCGe     method=EM
6HCGf     method=EM
6HCGg     method=EM
6HCGh     method=EM
6HCGi     method=EM
6HCGj     method=EM
6HCGk     method=EM
6HCGl     method=EM
6HCGm     method=EM
6HCGn     method=EM
6HCGo     method=EM
6HCGp     method=EM
6HCGq     method=EM
6HCGr     method=EM
6HCGs     method=EM
6I1XA     method=EM
6I1XB     method=EM
6I1XC     method=EM
6I1XD     method=EM
6I1XE     method=EM
6I1XF     method=EM
6I1XG     method=EM
6I1XH     method=EM
6I1XI     method=EM
6I1XJ     method=EM
6I1XK     method=EM
6I1XL     method=EM
6I1XM     method=EM
6I1XN     method=EM
6I1XO     method=EM
6I1YA     method=EM
6I1YB     method=EM
6I1YC     method=EM
6I1YD     method=EM
6I1YE     method=EM
6I1YF     method=EM
6I1YG     method=EM
6I1YH     method=EM
6I1YI     method=EM
6I1YJ     method=EM
6I1YK     method=EM
6I1YL     method=EM
6I1YM     method=EM
6I1YN     method=EM
6I1YO     method=EM
8HCOA     method=EM
8HCOI     method=EM
8HCOB     method=EM
8HCOJ     method=EM
8HCOC     method=EM
8HCOK     method=EM
8HCOD     method=EM
8HCOL     method=EM
8HCOE     method=EM
8HCOM     method=EM
8HCOG     method=EM
8BMXC     Xray_gtmaxres=3.72
8BMXA     Xray_gtmaxres=3.72
8BMXB     Xray_gtmaxres=3.72
8BMXD     Xray_gtmaxres=3.72
8BMXE     Xray_gtmaxres=3.72
8BMXF     Xray_gtmaxres=3.72
8JC7A     method=EM
8JC7B     method=EM
8JC7C     method=EM
8JC7D     method=EM
8JC7E     method=EM
8JC7F     method=EM
8JC7G     method=EM
8PYZE     Xray_gtmaxres=2.7
8PYZF     Xray_gtmaxres=2.7
8PYZC     Xray_gtmaxres=2.7
8PZ4A     keep
8BYMA     method=EM
8BYMB     method=EM
8BYMC     method=EM
8BYSA     method=EM
8BYSB     method=EM
8BYSC     method=EM
8BYTA     method=EM
8BYTB     method=EM
8BYTC     method=EM
8QXPA     Xray_gtmaxres=3.2
8W5JA     method=EM
8W5JI     method=EM
8W5JB     method=EM
8W5JJ     method=EM
8W5JC     method=EM
8W5JK     method=EM
8W5JD     method=EM
8W5JL     method=EM
8W5JE     method=EM
8W5JM     method=EM
